2026-02-11 09:51:36,702 - run - INFO - ========== 开始执行运单号自动化处理 ==========
2026-02-11 09:51:37,044 - excel_utils - INFO - 成功读取Excel，共79个唯一运单号
2026-02-11 09:51:38,135 - driver_utils - INFO - 成功连接Chrome实例
2026-02-11 09:51:38,167 - ydh_page - INFO - 已在目标页面，跳过访问
2026-02-11 09:51:38,167 - ydh_page - INFO - 输入货架号
2026-02-11 09:51:38,572 - ydh_page - INFO - 货架号输入完成
2026-02-11 09:51:38,572 - run - INFO - 
========== 处理第 1/79 个运单号 ==========
2026-02-11 09:51:38,574 - ydh_page - INFO - 处理运单号：YT111111111（手机号：14208441211）
2026-02-11 09:51:39,202 - ydh_page - INFO - 运单号输入完成
2026-02-11 09:51:40,639 - ydh_page - INFO - 手机号输入完成
2026-02-11 09:51:40,640 - base_page - INFO - 随机睡眠 0.50 秒
2026-02-11 09:51:41,415 - base_page - INFO - 随机睡眠 0.35 秒
2026-02-11 09:51:41,767 - ydh_page - INFO - 提交按钮已点击
2026-02-11 09:51:41,968 - run - INFO - 
========== 处理第 2/79 个运单号 ==========
2026-02-11 09:51:41,969 - ydh_page - INFO - 处理运单号：YT111111112（手机号：14291865172）
2026-02-11 09:51:42,843 - ydh_page - INFO - 运单号输入完成
2026-02-11 09:51:53,495 - ydh_page - ERROR - 处理运单号YT111111112失败，执行页面刷新：Message: 
Stacktrace:
Symbols not available. Dumping unresolved backtrace:
	0x7ff717683315
	0x7ff717683370
	0x7ff717423bdf
	0x7ff71747df5a
	0x7ff71747e38c
	0x7ff7174d3327
	0x7ff7174cfd27
	0x7ff71746eb10
	0x7ff71746fbc3
	0x7ff717954120
	0x7ff71794e49d
	0x7ff71796f49a
	0x7ff71769f875
	0x7ff7176a805c
	0x7ff71768c6f4
	0x7ff71768c8a5
	0x7ff717672c72
	0x7ffa8d4ae8d7
	0x7ffa8e82c53c
Traceback (most recent call last):
  File "D:\pythonProject\ydh_auto\page\ydh_page.py", line 79, in process_single_ydh
    mobile_elem = self.wait_element_clickable(self.MOBILE_INPUT)
                  ^^^^^^^^^^^^^^^^^^^^^^^^^^^^^^^^^^^^^^^^^^^^^^
  File "D:\pythonProject\ydh_auto\page\base_page.py", line 31, in wait_element_clickable
    return WebDriverWait(self.driver, timeout).until(EC.element_to_be_clickable(locator))
           ^^^^^^^^^^^^^^^^^^^^^^^^^^^^^^^^^^^^^^^^^^^^^^^^^^^^^^^^^^^^^^^^^^^^^^^^^^^^^^
  File "D:\PythonProject\ydh_auto\venv\Lib\site-packages\selenium\webdriver\support\wait.py", line 121, in until
    raise TimeoutException(message, screen, stacktrace)
selenium.common.exceptions.TimeoutException: Message: 
Stacktrace:
Symbols not available. Dumping unresolved backtrace:
	0x7ff717683315
	0x7ff717683370
	0x7ff717423bdf
	0x7ff71747df5a
	0x7ff71747e38c
	0x7ff7174d3327
	0x7ff7174cfd27
	0x7ff71746eb10
	0x7ff71746fbc3
	0x7ff717954120
	0x7ff71794e49d
	0x7ff71796f49a
	0x7ff71769f875
	0x7ff7176a805c
	0x7ff71768c6f4
	0x7ff71768c8a5
	0x7ff717672c72
	0x7ffa8d4ae8d7
	0x7ffa8e82c53c

2026-02-11 09:51:53,821 - base_page - INFO - 错误截图已保存：screenshots\ydh_error_YT111111112.png
2026-02-11 09:51:53,822 - ydh_page - INFO - 开始刷新当前页面...
2026-02-11 09:51:57,931 - run - ERROR - 处理运单号 YT111111112 时发生异常：Message: 
Stacktrace:
Symbols not available. Dumping unresolved backtrace:
	0x7ff717683315
	0x7ff717683370
	0x7ff717423bdf
	0x7ff71747df5a
	0x7ff71747e38c
	0x7ff7174d3327
	0x7ff7174cfd27
	0x7ff71746eb10
	0x7ff71746fbc3
	0x7ff717954120
	0x7ff71794e49d
	0x7ff71796f49a
	0x7ff71769f875
	0x7ff7176a805c
	0x7ff71768c6f4
	0x7ff71768c8a5
	0x7ff717672c72
	0x7ffa8d4ae8d7
	0x7ffa8e82c53c
Traceback (most recent call last):
  File "D:\pythonProject\ydh_auto\run.py", line 81, in main
    ydh_page.process_single_ydh(ydh)
  File "D:\pythonProject\ydh_auto\page\ydh_page.py", line 79, in process_single_ydh
    mobile_elem = self.wait_element_clickable(self.MOBILE_INPUT)
                  ^^^^^^^^^^^^^^^^^^^^^^^^^^^^^^^^^^^^^^^^^^^^^^
  File "D:\pythonProject\ydh_auto\page\base_page.py", line 31, in wait_element_clickable
    return WebDriverWait(self.driver, timeout).until(EC.element_to_be_clickable(locator))
           ^^^^^^^^^^^^^^^^^^^^^^^^^^^^^^^^^^^^^^^^^^^^^^^^^^^^^^^^^^^^^^^^^^^^^^^^^^^^^^
  File "D:\PythonProject\ydh_auto\venv\Lib\site-packages\selenium\webdriver\support\wait.py", line 121, in until
    raise TimeoutException(message, screen, stacktrace)
selenium.common.exceptions.TimeoutException: Message: 
Stacktrace:
Symbols not available. Dumping unresolved backtrace:
	0x7ff717683315
	0x7ff717683370
	0x7ff717423bdf
	0x7ff71747df5a
	0x7ff71747e38c
	0x7ff7174d3327
	0x7ff7174cfd27
	0x7ff71746eb10
	0x7ff71746fbc3
	0x7ff717954120
	0x7ff71794e49d
	0x7ff71796f49a
	0x7ff71769f875
	0x7ff7176a805c
	0x7ff71768c6f4
	0x7ff71768c8a5
	0x7ff717672c72
	0x7ffa8d4ae8d7
	0x7ffa8e82c53c

2026-02-11 09:51:57,937 - ydh_page - INFO - 输入货架号
2026-02-11 09:51:58,480 - ydh_page - INFO - 货架号输入完成
2026-02-11 09:52:00,482 - run - INFO - 
========== 处理第 3/79 个运单号 ==========
2026-02-11 09:52:00,483 - ydh_page - INFO - 处理运单号：YT111111113（手机号：14297733300）
2026-02-11 09:52:01,285 - ydh_page - INFO - 运单号输入完成
2026-02-11 09:52:02,602 - ydh_page - INFO - 手机号输入完成
2026-02-11 09:52:02,603 - base_page - INFO - 随机睡眠 0.14 秒
2026-02-11 09:52:02,848 - base_page - INFO - 随机睡眠 0.48 秒
2026-02-11 09:52:03,332 - ydh_page - INFO - 提交按钮已点击
2026-02-11 09:52:03,533 - run - INFO - 
========== 处理第 4/79 个运单号 ==========
2026-02-11 09:52:03,533 - ydh_page - INFO - 处理运单号：YT111111114（手机号：14234605162）
2026-02-11 09:52:04,115 - ydh_page - INFO - 运单号输入完成
2026-02-11 09:52:05,207 - run - INFO - 断开Chrome驱动连接
2026-02-11 09:52:05,211 - urllib3.connectionpool - WARNING - Retrying (Retry(total=2, connect=None, read=None, redirect=None, status=None)) after connection broken by 'ConnectionResetError(10054, '远程主机强迫关闭了一个现有的连接。', None, 10054, None)': /session/8da215d1343e867713d8bdf80af68c54
2026-02-11 10:28:30,041 - run - INFO - ========== 开始执行运单号自动化处理 ==========
2026-02-11 10:28:30,372 - excel_utils - INFO - 成功读取Excel，共79个唯一运单号
2026-02-11 10:28:30,896 - driver_utils - INFO - 启动Chrome（调试端口9222），等待5秒...
2026-02-11 10:28:36,698 - driver_utils - INFO - 成功连接Chrome实例
2026-02-11 10:28:36,722 - ydh_page - INFO - 访问目标页面：http://yzwebpre.mamayz.com:8080/operation/newInStage
2026-02-11 10:28:42,609 - run - INFO - 断开Chrome驱动连接
2026-02-11 10:29:09,512 - run - INFO - ========== 开始执行运单号自动化处理 ==========
2026-02-11 10:29:09,863 - excel_utils - INFO - 成功读取Excel，共79个唯一运单号
2026-02-11 10:29:10,280 - driver_utils - INFO - 启动Chrome（调试端口9222），等待5秒...
2026-02-11 10:29:13,535 - run - INFO - ========== 执行结束 ==========
2026-02-11 10:29:35,713 - run - INFO - ========== 开始执行运单号自动化处理 ==========
2026-02-11 10:29:36,101 - excel_utils - INFO - 成功读取Excel，共79个唯一运单号
2026-02-11 10:29:37,068 - driver_utils - INFO - 成功连接Chrome实例
2026-02-11 10:29:37,083 - ydh_page - INFO - 已在目标页面，跳过访问
2026-02-11 10:29:37,084 - ydh_page - INFO - 输入货架号
2026-02-11 10:29:37,721 - ydh_page - INFO - 货架号输入完成
2026-02-11 10:29:37,721 - run - INFO - 
========== 处理第 1/79 个运单号 ==========
2026-02-11 10:29:37,722 - ydh_page - INFO - 处理运单号：YT111111111（手机号：14235445412）
2026-02-11 10:29:38,365 - ydh_page - INFO - 运单号输入完成
2026-02-11 10:29:39,946 - ydh_page - INFO - 手机号输入完成
2026-02-11 10:29:39,947 - base_page - INFO - 随机睡眠 0.27 秒
2026-02-11 10:29:40,734 - base_page - INFO - 随机睡眠 0.37 秒
2026-02-11 10:29:41,107 - ydh_page - INFO - 提交按钮已点击
2026-02-11 10:29:41,308 - run - INFO - 
========== 处理第 2/79 个运单号 ==========
2026-02-11 10:29:41,308 - ydh_page - INFO - 处理运单号：YT111111112（手机号：14279712816）
2026-02-11 10:29:42,307 - ydh_page - INFO - 运单号输入完成
2026-02-11 10:29:43,743 - ydh_page - INFO - 手机号输入完成
2026-02-11 10:29:43,743 - base_page - INFO - 随机睡眠 0.42 秒
2026-02-11 10:29:44,335 - base_page - INFO - 随机睡眠 0.40 秒
2026-02-11 10:29:44,739 - ydh_page - INFO - 提交按钮已点击
2026-02-11 10:29:44,939 - run - INFO - 
========== 处理第 3/79 个运单号 ==========
2026-02-11 10:29:44,939 - ydh_page - INFO - 处理运单号：YT111111113（手机号：14280491959）
2026-02-11 10:29:45,790 - ydh_page - INFO - 运单号输入完成
2026-02-11 10:29:46,987 - ydh_page - ERROR - 处理运单号YT111111113失败，执行页面刷新：Message: stale element reference: stale element not found in the current frame
  (Session info: chrome=144.0.7559.134); For documentation on this error, please visit: https://www.selenium.dev/documentation/webdriver/troubleshooting/errors#staleelementreferenceexception
Stacktrace:
Symbols not available. Dumping unresolved backtrace:
	0x7ff717683315
	0x7ff717683370
	0x7ff717423bdf
	0x7ff71742b8fa
	0x7ff71742e994
	0x7ff71742ea5f
	0x7ff7174802ac
	0x7ff71747327b
	0x7ff7174a677a
	0x7ff717470846
	0x7ff7174cfd27
	0x7ff71746eb10
	0x7ff71746fbc3
	0x7ff717954120
	0x7ff71794e49d
	0x7ff71796f49a
	0x7ff71769f875
	0x7ff7176a805c
	0x7ff71768c6f4
	0x7ff71768c8a5
	0x7ff717672c72
	0x7ffa8d4ae8d7
	0x7ffa8e82c53c
Traceback (most recent call last):
  File "D:\pythonProject\ydh_auto\page\ydh_page.py", line 84, in process_single_ydh
    mobile_elem.clear()
  File "D:\PythonProject\ydh_auto\venv\Lib\site-packages\selenium\webdriver\remote\webelement.py", line 147, in clear
    self._execute(Command.CLEAR_ELEMENT)
  File "D:\PythonProject\ydh_auto\venv\Lib\site-packages\selenium\webdriver\remote\webelement.py", line 508, in _execute
    return self._parent.execute(command, params)
           ^^^^^^^^^^^^^^^^^^^^^^^^^^^^^^^^^^^^^
  File "D:\PythonProject\ydh_auto\venv\Lib\site-packages\selenium\webdriver\remote\webdriver.py", line 432, in execute
    self.error_handler.check_response(response)
  File "D:\PythonProject\ydh_auto\venv\Lib\site-packages\selenium\webdriver\remote\errorhandler.py", line 232, in check_response
    raise exception_class(message, screen, stacktrace)
selenium.common.exceptions.StaleElementReferenceException: Message: stale element reference: stale element not found in the current frame
  (Session info: chrome=144.0.7559.134); For documentation on this error, please visit: https://www.selenium.dev/documentation/webdriver/troubleshooting/errors#staleelementreferenceexception
Stacktrace:
Symbols not available. Dumping unresolved backtrace:
	0x7ff717683315
	0x7ff717683370
	0x7ff717423bdf
	0x7ff71742b8fa
	0x7ff71742e994
	0x7ff71742ea5f
	0x7ff7174802ac
	0x7ff71747327b
	0x7ff7174a677a
	0x7ff717470846
	0x7ff7174cfd27
	0x7ff71746eb10
	0x7ff71746fbc3
	0x7ff717954120
	0x7ff71794e49d
	0x7ff71796f49a
	0x7ff71769f875
	0x7ff7176a805c
	0x7ff71768c6f4
	0x7ff71768c8a5
	0x7ff717672c72
	0x7ffa8d4ae8d7
	0x7ffa8e82c53c

2026-02-11 10:29:47,569 - base_page - INFO - 错误截图已保存：screenshots\ydh_error_YT111111113.png
2026-02-11 10:29:47,569 - ydh_page - INFO - 开始刷新当前页面...
2026-02-11 10:29:52,667 - run - ERROR - 处理运单号 YT111111113 时发生异常：Message: stale element reference: stale element not found in the current frame
  (Session info: chrome=144.0.7559.134); For documentation on this error, please visit: https://www.selenium.dev/documentation/webdriver/troubleshooting/errors#staleelementreferenceexception
Stacktrace:
Symbols not available. Dumping unresolved backtrace:
	0x7ff717683315
	0x7ff717683370
	0x7ff717423bdf
	0x7ff71742b8fa
	0x7ff71742e994
	0x7ff71742ea5f
	0x7ff7174802ac
	0x7ff71747327b
	0x7ff7174a677a
	0x7ff717470846
	0x7ff7174cfd27
	0x7ff71746eb10
	0x7ff71746fbc3
	0x7ff717954120
	0x7ff71794e49d
	0x7ff71796f49a
	0x7ff71769f875
	0x7ff7176a805c
	0x7ff71768c6f4
	0x7ff71768c8a5
	0x7ff717672c72
	0x7ffa8d4ae8d7
	0x7ffa8e82c53c
Traceback (most recent call last):
  File "D:\pythonProject\ydh_auto\run.py", line 81, in main
    ydh_page.process_single_ydh(ydh)
  File "D:\pythonProject\ydh_auto\page\ydh_page.py", line 84, in process_single_ydh
    mobile_elem.clear()
  File "D:\PythonProject\ydh_auto\venv\Lib\site-packages\selenium\webdriver\remote\webelement.py", line 147, in clear
    self._execute(Command.CLEAR_ELEMENT)
  File "D:\PythonProject\ydh_auto\venv\Lib\site-packages\selenium\webdriver\remote\webelement.py", line 508, in _execute
    return self._parent.execute(command, params)
           ^^^^^^^^^^^^^^^^^^^^^^^^^^^^^^^^^^^^^
  File "D:\PythonProject\ydh_auto\venv\Lib\site-packages\selenium\webdriver\remote\webdriver.py", line 432, in execute
    self.error_handler.check_response(response)
  File "D:\PythonProject\ydh_auto\venv\Lib\site-packages\selenium\webdriver\remote\errorhandler.py", line 232, in check_response
    raise exception_class(message, screen, stacktrace)
selenium.common.exceptions.StaleElementReferenceException: Message: stale element reference: stale element not found in the current frame
  (Session info: chrome=144.0.7559.134); For documentation on this error, please visit: https://www.selenium.dev/documentation/webdriver/troubleshooting/errors#staleelementreferenceexception
Stacktrace:
Symbols not available. Dumping unresolved backtrace:
	0x7ff717683315
	0x7ff717683370
	0x7ff717423bdf
	0x7ff71742b8fa
	0x7ff71742e994
	0x7ff71742ea5f
	0x7ff7174802ac
	0x7ff71747327b
	0x7ff7174a677a
	0x7ff717470846
	0x7ff7174cfd27
	0x7ff71746eb10
	0x7ff71746fbc3
	0x7ff717954120
	0x7ff71794e49d
	0x7ff71796f49a
	0x7ff71769f875
	0x7ff7176a805c
	0x7ff71768c6f4
	0x7ff71768c8a5
	0x7ff717672c72
	0x7ffa8d4ae8d7
	0x7ffa8e82c53c

2026-02-11 10:29:52,671 - ydh_page - INFO - 输入货架号
2026-02-11 10:29:53,150 - ydh_page - INFO - 货架号输入完成
2026-02-11 10:29:55,152 - run - INFO - 
========== 处理第 4/79 个运单号 ==========
2026-02-11 10:29:55,152 - ydh_page - INFO - 处理运单号：YT111111114（手机号：14258078210）
2026-02-11 10:29:55,917 - ydh_page - INFO - 运单号输入完成
2026-02-11 10:29:57,297 - ydh_page - INFO - 手机号输入完成
2026-02-11 10:29:57,297 - base_page - INFO - 随机睡眠 0.40 秒
2026-02-11 10:29:57,877 - base_page - INFO - 随机睡眠 0.30 秒
2026-02-11 10:29:58,180 - ydh_page - INFO - 提交按钮已点击
2026-02-11 10:29:58,381 - run - INFO - 
========== 处理第 5/79 个运单号 ==========
2026-02-11 10:29:58,381 - ydh_page - INFO - 处理运单号：YT111111115（手机号：14235057518）
2026-02-11 10:29:59,160 - ydh_page - INFO - 运单号输入完成
2026-02-11 10:30:00,371 - run - INFO - 断开Chrome驱动连接
2026-02-11 10:30:00,412 - urllib3.connectionpool - WARNING - Retrying (Retry(total=2, connect=None, read=None, redirect=None, status=None)) after connection broken by 'ConnectionResetError(10054, '远程主机强迫关闭了一个现有的连接。', None, 10054, None)': /session/9fdd8967c1683e345592c4d495ff869f
2026-02-11 10:32:21,093 - run - INFO - ========== 开始执行运单号自动化处理 ==========
2026-02-11 10:32:21,444 - excel_utils - INFO - 成功读取Excel，共79个唯一运单号
2026-02-11 10:32:22,364 - driver_utils - INFO - 成功连接Chrome实例
2026-02-11 10:32:22,384 - ydh_page - INFO - 已在目标页面，跳过访问
2026-02-11 10:32:22,384 - ydh_page - INFO - 输入货架号
2026-02-11 10:32:23,015 - ydh_page - INFO - 货架号输入完成
2026-02-11 10:32:23,015 - run - INFO - 
========== 处理第 1/79 个运单号 ==========
2026-02-11 10:32:23,016 - ydh_page - INFO - 处理运单号：YT111111111（手机号：14298419273）
2026-02-11 10:32:23,970 - ydh_page - INFO - 运单号输入完成
2026-02-11 10:32:25,388 - ydh_page - INFO - 手机号输入完成
2026-02-11 10:32:25,389 - base_page - INFO - 随机睡眠 0.48 秒
2026-02-11 10:32:26,032 - base_page - INFO - 随机睡眠 0.12 秒
2026-02-11 10:32:26,157 - ydh_page - INFO - 提交按钮已点击
2026-02-11 10:32:26,358 - run - INFO - 
========== 处理第 2/79 个运单号 ==========
2026-02-11 10:32:26,358 - ydh_page - INFO - 处理运单号：YT111111112（手机号：14204835476）
2026-02-11 10:32:27,272 - ydh_page - INFO - 运单号输入完成
2026-02-11 10:32:28,414 - ydh_page - ERROR - 处理运单号YT111111112失败，执行页面刷新：Message: stale element reference: stale element not found in the current frame
  (Session info: chrome=144.0.7559.134); For documentation on this error, please visit: https://www.selenium.dev/documentation/webdriver/troubleshooting/errors#staleelementreferenceexception
Stacktrace:
Symbols not available. Dumping unresolved backtrace:
	0x7ff717683315
	0x7ff717683370
	0x7ff717423bdf
	0x7ff71742b8fa
	0x7ff71742e994
	0x7ff71742ea5f
	0x7ff7174802ac
	0x7ff71747327b
	0x7ff7174a677a
	0x7ff717470846
	0x7ff7174cfd27
	0x7ff71746eb10
	0x7ff71746fbc3
	0x7ff717954120
	0x7ff71794e49d
	0x7ff71796f49a
	0x7ff71769f875
	0x7ff7176a805c
	0x7ff71768c6f4
	0x7ff71768c8a5
	0x7ff717672c72
	0x7ffa8d4ae8d7
	0x7ffa8e82c53c
Traceback (most recent call last):
  File "D:\pythonProject\ydh_auto\page\ydh_page.py", line 84, in process_single_ydh
    mobile_elem.clear()
  File "D:\PythonProject\ydh_auto\venv\Lib\site-packages\selenium\webdriver\remote\webelement.py", line 147, in clear
    self._execute(Command.CLEAR_ELEMENT)
  File "D:\PythonProject\ydh_auto\venv\Lib\site-packages\selenium\webdriver\remote\webelement.py", line 508, in _execute
    return self._parent.execute(command, params)
           ^^^^^^^^^^^^^^^^^^^^^^^^^^^^^^^^^^^^^
  File "D:\PythonProject\ydh_auto\venv\Lib\site-packages\selenium\webdriver\remote\webdriver.py", line 432, in execute
    self.error_handler.check_response(response)
  File "D:\PythonProject\ydh_auto\venv\Lib\site-packages\selenium\webdriver\remote\errorhandler.py", line 232, in check_response
    raise exception_class(message, screen, stacktrace)
selenium.common.exceptions.StaleElementReferenceException: Message: stale element reference: stale element not found in the current frame
  (Session info: chrome=144.0.7559.134); For documentation on this error, please visit: https://www.selenium.dev/documentation/webdriver/troubleshooting/errors#staleelementreferenceexception
Stacktrace:
Symbols not available. Dumping unresolved backtrace:
	0x7ff717683315
	0x7ff717683370
	0x7ff717423bdf
	0x7ff71742b8fa
	0x7ff71742e994
	0x7ff71742ea5f
	0x7ff7174802ac
	0x7ff71747327b
	0x7ff7174a677a
	0x7ff717470846
	0x7ff7174cfd27
	0x7ff71746eb10
	0x7ff71746fbc3
	0x7ff717954120
	0x7ff71794e49d
	0x7ff71796f49a
	0x7ff71769f875
	0x7ff7176a805c
	0x7ff71768c6f4
	0x7ff71768c8a5
	0x7ff717672c72
	0x7ffa8d4ae8d7
	0x7ffa8e82c53c

2026-02-11 10:32:28,778 - base_page - INFO - 错误截图已保存：screenshots\ydh_error_YT111111112.png
2026-02-11 10:32:28,778 - ydh_page - INFO - 开始刷新当前页面...
2026-02-11 10:32:32,987 - run - ERROR - 处理运单号 YT111111112 时发生异常：Message: stale element reference: stale element not found in the current frame
  (Session info: chrome=144.0.7559.134); For documentation on this error, please visit: https://www.selenium.dev/documentation/webdriver/troubleshooting/errors#staleelementreferenceexception
Stacktrace:
Symbols not available. Dumping unresolved backtrace:
	0x7ff717683315
	0x7ff717683370
	0x7ff717423bdf
	0x7ff71742b8fa
	0x7ff71742e994
	0x7ff71742ea5f
	0x7ff7174802ac
	0x7ff71747327b
	0x7ff7174a677a
	0x7ff717470846
	0x7ff7174cfd27
	0x7ff71746eb10
	0x7ff71746fbc3
	0x7ff717954120
	0x7ff71794e49d
	0x7ff71796f49a
	0x7ff71769f875
	0x7ff7176a805c
	0x7ff71768c6f4
	0x7ff71768c8a5
	0x7ff717672c72
	0x7ffa8d4ae8d7
	0x7ffa8e82c53c
Traceback (most recent call last):
  File "D:\pythonProject\ydh_auto\run.py", line 81, in main
    ydh_page.process_single_ydh(ydh)
  File "D:\pythonProject\ydh_auto\page\ydh_page.py", line 84, in process_single_ydh
    mobile_elem.clear()
  File "D:\PythonProject\ydh_auto\venv\Lib\site-packages\selenium\webdriver\remote\webelement.py", line 147, in clear
    self._execute(Command.CLEAR_ELEMENT)
  File "D:\PythonProject\ydh_auto\venv\Lib\site-packages\selenium\webdriver\remote\webelement.py", line 508, in _execute
    return self._parent.execute(command, params)
           ^^^^^^^^^^^^^^^^^^^^^^^^^^^^^^^^^^^^^
  File "D:\PythonProject\ydh_auto\venv\Lib\site-packages\selenium\webdriver\remote\webdriver.py", line 432, in execute
    self.error_handler.check_response(response)
  File "D:\PythonProject\ydh_auto\venv\Lib\site-packages\selenium\webdriver\remote\errorhandler.py", line 232, in check_response
    raise exception_class(message, screen, stacktrace)
selenium.common.exceptions.StaleElementReferenceException: Message: stale element reference: stale element not found in the current frame
  (Session info: chrome=144.0.7559.134); For documentation on this error, please visit: https://www.selenium.dev/documentation/webdriver/troubleshooting/errors#staleelementreferenceexception
Stacktrace:
Symbols not available. Dumping unresolved backtrace:
	0x7ff717683315
	0x7ff717683370
	0x7ff717423bdf
	0x7ff71742b8fa
	0x7ff71742e994
	0x7ff71742ea5f
	0x7ff7174802ac
	0x7ff71747327b
	0x7ff7174a677a
	0x7ff717470846
	0x7ff7174cfd27
	0x7ff71746eb10
	0x7ff71746fbc3
	0x7ff717954120
	0x7ff71794e49d
	0x7ff71796f49a
	0x7ff71769f875
	0x7ff7176a805c
	0x7ff71768c6f4
	0x7ff71768c8a5
	0x7ff717672c72
	0x7ffa8d4ae8d7
	0x7ffa8e82c53c

2026-02-11 10:32:32,995 - ydh_page - INFO - 输入货架号
2026-02-11 10:32:33,506 - ydh_page - INFO - 货架号输入完成
2026-02-11 10:32:35,507 - run - INFO - 
========== 处理第 3/79 个运单号 ==========
2026-02-11 10:32:35,507 - ydh_page - INFO - 处理运单号：YT111111113（手机号：14283546447）
2026-02-11 10:32:36,214 - ydh_page - INFO - 运单号输入完成
2026-02-11 10:32:37,593 - ydh_page - INFO - 手机号输入完成
2026-02-11 10:32:37,593 - base_page - INFO - 随机睡眠 0.36 秒
2026-02-11 10:32:38,089 - base_page - INFO - 随机睡眠 0.46 秒
2026-02-11 10:32:38,548 - ydh_page - INFO - 提交按钮已点击
2026-02-11 10:32:38,749 - run - INFO - 
========== 处理第 4/79 个运单号 ==========
2026-02-11 10:32:38,750 - ydh_page - INFO - 处理运单号：YT111111114（手机号：14232458316）
2026-02-11 10:32:39,368 - ydh_page - INFO - 运单号输入完成
2026-02-11 10:32:40,728 - ydh_page - INFO - 手机号输入完成
2026-02-11 10:32:40,729 - base_page - INFO - 随机睡眠 0.23 秒
2026-02-11 10:32:41,196 - base_page - INFO - 随机睡眠 0.26 秒
2026-02-11 10:32:41,456 - ydh_page - INFO - 提交按钮已点击
2026-02-11 10:32:41,657 - run - INFO - 
========== 处理第 5/79 个运单号 ==========
2026-02-11 10:32:41,657 - ydh_page - INFO - 处理运单号：YT111111115（手机号：14279572651）
2026-02-11 10:32:42,461 - ydh_page - INFO - 运单号输入完成
2026-02-11 10:32:43,981 - run - INFO - 断开Chrome驱动连接
2026-02-11 17:40:13,786 - run - INFO - ========== 开始执行运单号自动化处理 ==========
2026-02-11 17:40:14,065 - excel_utils - INFO - 成功读取Excel，共79个唯一运单号
2026-02-11 17:40:15,435 - driver_utils - INFO - 成功连接Chrome实例
2026-02-11 17:40:15,464 - ydh_page - INFO - 已在目标页面，跳过访问
2026-02-11 17:40:15,464 - ydh_page - INFO - 输入货架号
2026-02-11 17:40:15,852 - ydh_page - INFO - 货架号输入完成
2026-02-11 17:40:15,853 - run - INFO - 
========== 处理第 1/79 个运单号 ==========
2026-02-11 17:40:15,854 - ydh_page - INFO - 处理运单号：YT111111111（手机号：14209692397）
2026-02-11 17:40:16,509 - ydh_page - INFO - 运单号输入完成
2026-02-11 17:40:18,003 - ydh_page - INFO - 手机号输入完成
2026-02-11 17:40:18,004 - base_page - INFO - 随机睡眠 0.23 秒
2026-02-11 17:40:18,363 - run - INFO - 断开Chrome驱动连接
2026-02-12 08:34:22,687 - waybill_service - WARNING - 运单号YT111111111已存在，跳过插入
2026-02-12 08:34:22,915 - waybill_service - WARNING - 运单号YT111111112已存在，跳过插入
2026-02-12 08:34:23,149 - waybill_service - WARNING - 运单号YT111111113已存在，跳过插入
2026-02-12 08:34:23,368 - waybill_service - WARNING - 运单号YT111111114已存在，跳过插入
2026-02-12 08:34:23,609 - waybill_service - WARNING - 运单号YT111111115已存在，跳过插入
2026-02-12 08:34:23,840 - waybill_service - WARNING - 运单号YT111111116已存在，跳过插入
2026-02-12 08:34:24,064 - waybill_service - WARNING - 运单号YT111111117已存在，跳过插入
2026-02-12 08:34:24,290 - waybill_service - WARNING - 运单号YT111111118已存在，跳过插入
2026-02-12 08:34:24,516 - waybill_service - WARNING - 运单号YT111111119已存在，跳过插入
2026-02-12 08:34:24,749 - waybill_service - WARNING - 运单号YT111111120已存在，跳过插入
2026-02-12 08:34:24,973 - waybill_service - WARNING - 运单号YT111111121已存在，跳过插入
2026-02-12 08:34:25,192 - waybill_service - WARNING - 运单号YT111111122已存在，跳过插入
2026-02-12 08:34:25,411 - waybill_service - WARNING - 运单号YT111111123已存在，跳过插入
2026-02-12 08:34:25,651 - waybill_service - WARNING - 运单号YT111111124已存在，跳过插入
2026-02-12 08:34:25,871 - waybill_service - WARNING - 运单号YT111111125已存在，跳过插入
2026-02-12 08:34:26,093 - waybill_service - WARNING - 运单号YT111111126已存在，跳过插入
2026-02-12 08:34:26,327 - waybill_service - WARNING - 运单号YT111111127已存在，跳过插入
2026-02-12 08:34:26,549 - waybill_service - WARNING - 运单号YT111111128已存在，跳过插入
2026-02-12 08:34:26,773 - waybill_service - WARNING - 运单号YT111111129已存在，跳过插入
2026-02-12 08:34:27,012 - waybill_service - WARNING - 运单号YT111111130已存在，跳过插入
2026-02-12 08:34:27,234 - waybill_service - WARNING - 运单号YT111111131已存在，跳过插入
2026-02-12 08:34:27,461 - waybill_service - WARNING - 运单号YT111111132已存在，跳过插入
2026-02-12 08:34:27,726 - waybill_service - WARNING - 运单号YT111111133已存在，跳过插入
2026-02-12 08:34:27,946 - waybill_service - WARNING - 运单号YT111111134已存在，跳过插入
2026-02-12 08:34:28,172 - waybill_service - WARNING - 运单号YT111111135已存在，跳过插入
2026-02-12 08:34:28,420 - waybill_service - WARNING - 运单号YT111111136已存在，跳过插入
2026-02-12 08:34:28,638 - waybill_service - WARNING - 运单号YT111111137已存在，跳过插入
2026-02-12 08:34:28,860 - waybill_service - WARNING - 运单号YT111111138已存在，跳过插入
2026-02-12 08:34:29,143 - waybill_service - WARNING - 运单号YT111111139已存在，跳过插入
2026-02-12 08:34:29,372 - waybill_service - WARNING - 运单号YT111111140已存在，跳过插入
2026-02-12 08:34:29,612 - waybill_service - WARNING - 运单号YT111111141已存在，跳过插入
2026-02-12 08:34:29,901 - waybill_service - WARNING - 运单号YT111111142已存在，跳过插入
2026-02-12 08:34:30,142 - waybill_service - WARNING - 运单号YT111111143已存在，跳过插入
2026-02-12 08:34:30,394 - waybill_service - WARNING - 运单号YT111111144已存在，跳过插入
2026-02-12 08:34:30,636 - waybill_service - WARNING - 运单号YT111111145已存在，跳过插入
2026-02-12 08:34:30,870 - waybill_service - WARNING - 运单号YT111111146已存在，跳过插入
2026-02-12 08:34:31,106 - waybill_service - WARNING - 运单号YT111111147已存在，跳过插入
2026-02-12 08:34:31,330 - waybill_service - WARNING - 运单号YT111111148已存在，跳过插入
2026-02-12 08:34:31,555 - waybill_service - WARNING - 运单号YT111111149已存在，跳过插入
2026-02-12 08:34:31,826 - waybill_service - WARNING - 运单号YT111111150已存在，跳过插入
2026-02-12 08:34:32,073 - waybill_service - WARNING - 运单号YT111111151已存在，跳过插入
2026-02-12 08:34:32,368 - waybill_service - WARNING - 运单号YT111111152已存在，跳过插入
2026-02-12 08:34:32,620 - waybill_service - WARNING - 运单号YT111111153已存在，跳过插入
2026-02-12 08:34:32,860 - waybill_service - WARNING - 运单号YT111111154已存在，跳过插入
2026-02-12 08:34:33,127 - waybill_service - WARNING - 运单号YT111111155已存在，跳过插入
2026-02-12 08:34:33,352 - waybill_service - WARNING - 运单号YT111111156已存在，跳过插入
2026-02-12 08:34:33,581 - waybill_service - WARNING - 运单号YT111111157已存在，跳过插入
2026-02-12 08:34:33,830 - waybill_service - WARNING - 运单号YT111111158已存在，跳过插入
2026-02-12 08:34:34,069 - waybill_service - WARNING - 运单号YT111111159已存在，跳过插入
2026-02-12 08:34:34,307 - waybill_service - WARNING - 运单号YT111111160已存在，跳过插入
2026-02-12 08:34:34,547 - waybill_service - WARNING - 运单号YT111111161已存在，跳过插入
2026-02-12 08:34:34,777 - waybill_service - WARNING - 运单号YT111111162已存在，跳过插入
2026-02-12 08:34:35,076 - waybill_service - WARNING - 运单号YT111111163已存在，跳过插入
2026-02-12 08:34:35,296 - waybill_service - WARNING - 运单号YT111111164已存在，跳过插入
2026-02-12 08:34:35,515 - waybill_service - WARNING - 运单号YT111111165已存在，跳过插入
2026-02-12 08:34:35,750 - waybill_service - WARNING - 运单号YT111111166已存在，跳过插入
2026-02-12 08:34:35,985 - waybill_service - WARNING - 运单号YT111111167已存在，跳过插入
2026-02-12 08:34:36,208 - waybill_service - WARNING - 运单号YT111111168已存在，跳过插入
2026-02-12 08:34:36,438 - waybill_service - WARNING - 运单号YT111111169已存在，跳过插入
2026-02-12 08:34:36,671 - waybill_service - WARNING - 运单号YT111111170已存在，跳过插入
2026-02-12 08:34:36,891 - waybill_service - WARNING - 运单号YT111111171已存在，跳过插入
2026-02-12 08:34:37,134 - waybill_service - WARNING - 运单号YT111111172已存在，跳过插入
2026-02-12 08:34:37,357 - waybill_service - WARNING - 运单号YT111111173已存在，跳过插入
2026-02-12 08:34:37,590 - waybill_service - WARNING - 运单号YT111111174已存在，跳过插入
2026-02-12 08:34:37,828 - waybill_service - WARNING - 运单号YT111111175已存在，跳过插入
2026-02-12 08:34:38,044 - waybill_service - WARNING - 运单号YT111111176已存在，跳过插入
2026-02-12 08:34:38,308 - waybill_service - WARNING - 运单号YT111111177已存在，跳过插入
2026-02-12 08:34:38,543 - waybill_service - WARNING - 运单号YT111111178已存在，跳过插入
2026-02-12 08:34:38,768 - waybill_service - WARNING - 运单号YT111111179已存在，跳过插入
2026-02-12 08:34:38,990 - waybill_service - WARNING - 运单号YT111111180已存在，跳过插入
2026-02-12 08:34:39,232 - waybill_service - WARNING - 运单号YT111111181已存在，跳过插入
2026-02-12 08:34:39,447 - waybill_service - WARNING - 运单号YT111111182已存在，跳过插入
2026-02-12 08:34:39,680 - waybill_service - WARNING - 运单号YT111111183已存在，跳过插入
2026-02-12 08:34:39,903 - waybill_service - WARNING - 运单号YT111111184已存在，跳过插入
2026-02-12 08:34:40,129 - waybill_service - WARNING - 运单号YT111111185已存在，跳过插入
2026-02-12 08:34:40,355 - waybill_service - WARNING - 运单号YT111111186已存在，跳过插入
2026-02-12 08:34:40,611 - waybill_service - WARNING - 运单号YT111111187已存在，跳过插入
2026-02-12 08:34:40,841 - waybill_service - WARNING - 运单号YT111111188已存在，跳过插入
2026-02-12 08:34:41,077 - waybill_service - WARNING - 运单号YT111111189已存在，跳过插入
2026-02-12 08:34:41,389 - waybill_service - WARNING - 运单号YT111111111已存在，跳过插入
2026-02-12 08:34:41,614 - waybill_service - WARNING - 运单号YT111111112已存在，跳过插入
2026-02-12 08:34:41,843 - waybill_service - WARNING - 运单号YT111111113已存在，跳过插入
2026-02-12 08:34:42,065 - waybill_service - WARNING - 运单号YT111111114已存在，跳过插入
2026-02-12 08:34:42,286 - waybill_service - WARNING - 运单号YT111111115已存在，跳过插入
2026-02-12 08:34:42,505 - waybill_service - WARNING - 运单号YT111111116已存在，跳过插入
2026-02-12 08:34:42,746 - waybill_service - WARNING - 运单号YT111111117已存在，跳过插入
2026-02-12 08:34:42,960 - waybill_service - WARNING - 运单号YT111111118已存在，跳过插入
2026-02-12 08:34:43,190 - waybill_service - WARNING - 运单号YT111111119已存在，跳过插入
2026-02-12 08:34:43,403 - waybill_service - WARNING - 运单号YT111111120已存在，跳过插入
2026-02-12 08:34:43,623 - waybill_service - WARNING - 运单号YT111111121已存在，跳过插入
2026-02-12 08:34:43,848 - waybill_service - WARNING - 运单号YT111111122已存在，跳过插入
2026-02-12 08:34:44,078 - waybill_service - WARNING - 运单号YT111111123已存在，跳过插入
2026-02-12 08:34:44,300 - waybill_service - WARNING - 运单号YT111111124已存在，跳过插入
2026-02-12 08:34:44,549 - waybill_service - WARNING - 运单号YT111111125已存在，跳过插入
2026-02-12 08:34:44,770 - waybill_service - WARNING - 运单号YT111111126已存在，跳过插入
2026-02-12 08:34:44,987 - waybill_service - WARNING - 运单号YT111111127已存在，跳过插入
2026-02-12 08:34:45,323 - waybill_service - WARNING - 运单号YT111111128已存在，跳过插入
2026-02-12 08:34:45,546 - waybill_service - WARNING - 运单号YT111111129已存在，跳过插入
2026-02-12 08:34:45,778 - waybill_service - WARNING - 运单号YT111111130已存在，跳过插入
2026-02-12 08:34:46,038 - waybill_service - WARNING - 运单号YT111111131已存在，跳过插入
2026-02-12 08:34:46,280 - waybill_service - WARNING - 运单号YT111111132已存在，跳过插入
2026-02-12 08:34:46,538 - waybill_service - WARNING - 运单号YT111111133已存在，跳过插入
2026-02-12 08:34:46,759 - waybill_service - WARNING - 运单号YT111111134已存在，跳过插入
2026-02-12 08:34:46,983 - waybill_service - WARNING - 运单号YT111111135已存在，跳过插入
2026-02-12 08:34:47,217 - waybill_service - WARNING - 运单号YT111111136已存在，跳过插入
2026-02-12 08:34:47,452 - waybill_service - WARNING - 运单号YT111111137已存在，跳过插入
2026-02-12 08:34:47,680 - waybill_service - WARNING - 运单号YT111111138已存在，跳过插入
2026-02-12 08:34:47,899 - waybill_service - WARNING - 运单号YT111111139已存在，跳过插入
2026-02-12 08:34:48,135 - waybill_service - WARNING - 运单号YT111111140已存在，跳过插入
2026-02-12 08:34:48,381 - waybill_service - WARNING - 运单号YT111111141已存在，跳过插入
2026-02-12 08:34:48,659 - waybill_service - WARNING - 运单号YT111111142已存在，跳过插入
2026-02-12 08:34:48,895 - waybill_service - WARNING - 运单号YT111111143已存在，跳过插入
2026-02-12 08:34:49,118 - waybill_service - WARNING - 运单号YT111111144已存在，跳过插入
2026-02-12 08:34:49,397 - waybill_service - WARNING - 运单号YT111111145已存在，跳过插入
2026-02-12 08:34:49,629 - waybill_service - WARNING - 运单号YT111111146已存在，跳过插入
2026-02-12 08:34:49,875 - waybill_service - WARNING - 运单号YT111111147已存在，跳过插入
2026-02-12 08:34:50,140 - waybill_service - WARNING - 运单号YT111111148已存在，跳过插入
2026-02-12 08:34:50,373 - waybill_service - WARNING - 运单号YT111111149已存在，跳过插入
2026-02-12 08:34:50,616 - waybill_service - WARNING - 运单号YT111111150已存在，跳过插入
2026-02-12 08:34:50,869 - waybill_service - WARNING - 运单号YT111111151已存在，跳过插入
2026-02-12 08:34:51,103 - waybill_service - WARNING - 运单号YT111111152已存在，跳过插入
2026-02-12 08:34:51,360 - waybill_service - WARNING - 运单号YT111111153已存在，跳过插入
2026-02-12 08:34:51,580 - waybill_service - WARNING - 运单号YT111111154已存在，跳过插入
2026-02-12 08:34:51,811 - waybill_service - WARNING - 运单号YT111111155已存在，跳过插入
2026-02-12 08:34:52,060 - waybill_service - WARNING - 运单号YT111111156已存在，跳过插入
2026-02-12 08:34:52,283 - waybill_service - WARNING - 运单号YT111111157已存在，跳过插入
2026-02-12 08:34:52,523 - waybill_service - WARNING - 运单号YT111111158已存在，跳过插入
2026-02-12 08:34:52,780 - waybill_service - WARNING - 运单号YT111111159已存在，跳过插入
2026-02-12 08:34:52,998 - waybill_service - WARNING - 运单号YT111111160已存在，跳过插入
2026-02-12 08:34:53,298 - waybill_service - WARNING - 运单号YT111111161已存在，跳过插入
2026-02-12 08:34:53,544 - waybill_service - WARNING - 运单号YT111111162已存在，跳过插入
2026-02-12 08:34:53,756 - waybill_service - WARNING - 运单号YT111111163已存在，跳过插入
2026-02-12 08:34:54,033 - waybill_service - WARNING - 运单号YT111111164已存在，跳过插入
2026-02-12 08:34:54,264 - waybill_service - WARNING - 运单号YT111111165已存在，跳过插入
2026-02-12 08:34:54,482 - waybill_service - WARNING - 运单号YT111111166已存在，跳过插入
2026-02-12 08:34:54,721 - waybill_service - WARNING - 运单号YT111111167已存在，跳过插入
2026-02-12 08:34:54,945 - waybill_service - WARNING - 运单号YT111111168已存在，跳过插入
2026-02-12 08:34:55,164 - waybill_service - WARNING - 运单号YT111111169已存在，跳过插入
2026-02-12 08:34:55,448 - waybill_service - WARNING - 运单号YT111111170已存在，跳过插入
2026-02-12 08:34:55,666 - waybill_service - WARNING - 运单号YT111111171已存在，跳过插入
2026-02-12 08:34:55,882 - waybill_service - WARNING - 运单号YT111111172已存在，跳过插入
2026-02-12 08:34:56,115 - waybill_service - WARNING - 运单号YT111111173已存在，跳过插入
2026-02-12 08:34:56,334 - waybill_service - WARNING - 运单号YT111111174已存在，跳过插入
2026-02-12 08:34:56,552 - waybill_service - WARNING - 运单号YT111111175已存在，跳过插入
2026-02-12 08:34:56,837 - waybill_service - WARNING - 运单号YT111111176已存在，跳过插入
2026-02-12 08:34:57,065 - waybill_service - WARNING - 运单号YT111111177已存在，跳过插入
2026-02-12 08:34:57,300 - waybill_service - WARNING - 运单号YT111111178已存在，跳过插入
2026-02-12 08:34:57,554 - waybill_service - WARNING - 运单号YT111111179已存在，跳过插入
2026-02-12 08:34:57,775 - waybill_service - WARNING - 运单号YT111111180已存在，跳过插入
2026-02-12 08:34:58,031 - waybill_service - WARNING - 运单号YT111111181已存在，跳过插入
2026-02-12 08:34:58,341 - waybill_service - WARNING - 运单号YT111111182已存在，跳过插入
2026-02-12 08:34:58,569 - waybill_service - WARNING - 运单号YT111111183已存在，跳过插入
2026-02-12 08:34:58,817 - waybill_service - WARNING - 运单号YT111111184已存在，跳过插入
2026-02-12 08:34:59,044 - waybill_service - WARNING - 运单号YT111111185已存在，跳过插入
2026-02-12 08:34:59,273 - waybill_service - WARNING - 运单号YT111111186已存在，跳过插入
2026-02-12 08:34:59,534 - waybill_service - WARNING - 运单号YT111111187已存在，跳过插入
2026-02-12 08:34:59,756 - waybill_service - WARNING - 运单号YT111111188已存在，跳过插入
2026-02-12 08:34:59,979 - waybill_service - WARNING - 运单号YT111111189已存在，跳过插入
2026-02-12 08:35:00,325 - waybill_service - INFO - 开始处理79个待处理运单号
2026-02-12 08:35:02,514 - driver_utils - INFO - 成功连接Chrome实例
2026-02-12 08:35:02,546 - ydh_page - INFO - 已在目标页面，跳过访问
2026-02-12 08:35:02,547 - ydh_page - INFO - 输入货架号
2026-02-12 08:35:03,527 - ydh_page - INFO - 货架号输入完成
2026-02-12 08:35:03,529 - waybill_service - INFO - 处理第1/79个运单号：YT111111111
2026-02-12 08:35:03,759 - ydh_page - INFO - 处理运单号：YT111111111（手机号：14232688730）
2026-02-12 08:35:04,824 - ydh_page - INFO - 运单号输入完成
2026-02-12 08:35:06,285 - ydh_page - INFO - 手机号输入完成
2026-02-12 08:35:06,285 - base_page - INFO - 随机睡眠 0.18 秒
2026-02-12 08:35:06,789 - base_page - INFO - 随机睡眠 0.16 秒
2026-02-12 08:35:06,948 - ydh_page - INFO - 提交按钮已点击
2026-02-12 08:35:07,445 - waybill_service - INFO - 处理第2/79个运单号：YT111111112
2026-02-12 08:35:07,724 - ydh_page - INFO - 处理运单号：YT111111112（手机号：14266590607）
2026-02-12 08:35:08,870 - ydh_page - INFO - 运单号输入完成
2026-02-12 08:35:10,544 - ydh_page - INFO - 手机号输入完成
2026-02-12 08:35:10,545 - base_page - INFO - 随机睡眠 0.25 秒
2026-02-12 08:35:11,004 - base_page - INFO - 随机睡眠 0.29 秒
2026-02-12 08:35:11,295 - ydh_page - INFO - 提交按钮已点击
2026-02-12 08:35:11,792 - waybill_service - INFO - 处理第3/79个运单号：YT111111113
2026-02-12 08:35:12,071 - ydh_page - INFO - 处理运单号：YT111111113（手机号：14240824328）
2026-02-12 08:35:12,752 - ydh_page - INFO - 运单号输入完成
2026-02-12 08:35:14,099 - ydh_page - INFO - 手机号输入完成
2026-02-12 08:35:14,099 - base_page - INFO - 随机睡眠 0.12 秒
2026-02-12 08:35:14,363 - base_page - INFO - 随机睡眠 0.32 秒
2026-02-12 08:35:14,682 - ydh_page - INFO - 提交按钮已点击
2026-02-12 08:35:15,182 - waybill_service - INFO - 处理第4/79个运单号：YT111111114
2026-02-12 08:35:15,471 - ydh_page - INFO - 处理运单号：YT111111114（手机号：14284604470）
2026-02-12 08:35:16,150 - ydh_page - INFO - 运单号输入完成
2026-02-12 08:35:17,466 - ydh_page - INFO - 手机号输入完成
2026-02-12 08:35:17,466 - base_page - INFO - 随机睡眠 0.45 秒
2026-02-12 08:35:18,061 - base_page - INFO - 随机睡眠 0.18 秒
2026-02-12 08:35:18,244 - ydh_page - INFO - 提交按钮已点击
2026-02-12 08:35:18,735 - waybill_service - INFO - 处理第5/79个运单号：YT111111115
2026-02-12 08:35:19,013 - ydh_page - INFO - 处理运单号：YT111111115（手机号：14281412968）
2026-02-12 08:35:19,626 - ydh_page - INFO - 运单号输入完成
2026-02-12 08:35:21,020 - ydh_page - INFO - 手机号输入完成
2026-02-12 08:35:21,020 - base_page - INFO - 随机睡眠 0.15 秒
2026-02-12 08:35:21,302 - base_page - INFO - 随机睡眠 0.28 秒
2026-02-12 08:35:21,583 - ydh_page - INFO - 提交按钮已点击
2026-02-12 08:35:22,052 - waybill_service - INFO - 处理第6/79个运单号：YT111111116
2026-02-12 08:35:22,330 - ydh_page - INFO - 处理运单号：YT111111116（手机号：14207976778）
2026-02-12 08:35:22,936 - ydh_page - INFO - 运单号输入完成
2026-02-12 08:35:33,562 - ydh_page - ERROR - 处理运单号YT111111116失败，执行页面刷新：Message: 
Stacktrace:
Symbols not available. Dumping unresolved backtrace:
	0x7ff67d6f3315
	0x7ff67d6f3370
	0x7ff67d493bdf
	0x7ff67d4edf5a
	0x7ff67d4ee38c
	0x7ff67d543327
	0x7ff67d53fd27
	0x7ff67d4deb10
	0x7ff67d4dfbc3
	0x7ff67d9c4120
	0x7ff67d9be49d
	0x7ff67d9df49a
	0x7ff67d70f875
	0x7ff67d71805c
	0x7ff67d6fc6f4
	0x7ff67d6fc8a5
	0x7ff67d6e2c72
	0x7ffa8d4ae8d7
	0x7ffa8e82c53c
Traceback (most recent call last):
  File "D:\PythonProject\kd_auto\page\ydh_page.py", line 81, in process_single_ydh
    mobile_elem = self.wait_element_clickable(self.MOBILE_INPUT)
                  ^^^^^^^^^^^^^^^^^^^^^^^^^^^^^^^^^^^^^^^^^^^^^^
  File "D:\PythonProject\kd_auto\page\base_page.py", line 31, in wait_element_clickable
    return WebDriverWait(self.driver, timeout).until(EC.element_to_be_clickable(locator))
           ^^^^^^^^^^^^^^^^^^^^^^^^^^^^^^^^^^^^^^^^^^^^^^^^^^^^^^^^^^^^^^^^^^^^^^^^^^^^^^
  File "D:\PythonProject\ydh_auto\venv\Lib\site-packages\selenium\webdriver\support\wait.py", line 121, in until
    raise TimeoutException(message, screen, stacktrace)
selenium.common.exceptions.TimeoutException: Message: 
Stacktrace:
Symbols not available. Dumping unresolved backtrace:
	0x7ff67d6f3315
	0x7ff67d6f3370
	0x7ff67d493bdf
	0x7ff67d4edf5a
	0x7ff67d4ee38c
	0x7ff67d543327
	0x7ff67d53fd27
	0x7ff67d4deb10
	0x7ff67d4dfbc3
	0x7ff67d9c4120
	0x7ff67d9be49d
	0x7ff67d9df49a
	0x7ff67d70f875
	0x7ff67d71805c
	0x7ff67d6fc6f4
	0x7ff67d6fc8a5
	0x7ff67d6e2c72
	0x7ffa8d4ae8d7
	0x7ffa8e82c53c

2026-02-12 08:35:34,427 - base_page - INFO - 错误截图已保存：screenshots\ydh_error_YT111111116.png
2026-02-12 08:35:34,428 - ydh_page - INFO - 开始刷新当前页面...
2026-02-12 08:35:41,748 - waybill_service - ERROR - 处理运单号YT111111116失败：Message: 
Stacktrace:
Symbols not available. Dumping unresolved backtrace:
	0x7ff67d6f3315
	0x7ff67d6f3370
	0x7ff67d493bdf
	0x7ff67d4edf5a
	0x7ff67d4ee38c
	0x7ff67d543327
	0x7ff67d53fd27
	0x7ff67d4deb10
	0x7ff67d4dfbc3
	0x7ff67d9c4120
	0x7ff67d9be49d
	0x7ff67d9df49a
	0x7ff67d70f875
	0x7ff67d71805c
	0x7ff67d6fc6f4
	0x7ff67d6fc8a5
	0x7ff67d6e2c72
	0x7ffa8d4ae8d7
	0x7ffa8e82c53c
Traceback (most recent call last):
  File "D:\PythonProject\kd_auto\main.py", line 143, in process_waybills
    ydh_page.process_single_ydh(waybill_no)
  File "D:\PythonProject\kd_auto\page\ydh_page.py", line 81, in process_single_ydh
    mobile_elem = self.wait_element_clickable(self.MOBILE_INPUT)
                  ^^^^^^^^^^^^^^^^^^^^^^^^^^^^^^^^^^^^^^^^^^^^^^
  File "D:\PythonProject\kd_auto\page\base_page.py", line 31, in wait_element_clickable
    return WebDriverWait(self.driver, timeout).until(EC.element_to_be_clickable(locator))
           ^^^^^^^^^^^^^^^^^^^^^^^^^^^^^^^^^^^^^^^^^^^^^^^^^^^^^^^^^^^^^^^^^^^^^^^^^^^^^^
  File "D:\PythonProject\ydh_auto\venv\Lib\site-packages\selenium\webdriver\support\wait.py", line 121, in until
    raise TimeoutException(message, screen, stacktrace)
selenium.common.exceptions.TimeoutException: Message: 
Stacktrace:
Symbols not available. Dumping unresolved backtrace:
	0x7ff67d6f3315
	0x7ff67d6f3370
	0x7ff67d493bdf
	0x7ff67d4edf5a
	0x7ff67d4ee38c
	0x7ff67d543327
	0x7ff67d53fd27
	0x7ff67d4deb10
	0x7ff67d4dfbc3
	0x7ff67d9c4120
	0x7ff67d9be49d
	0x7ff67d9df49a
	0x7ff67d70f875
	0x7ff67d71805c
	0x7ff67d6fc6f4
	0x7ff67d6fc8a5
	0x7ff67d6e2c72
	0x7ffa8d4ae8d7
	0x7ffa8e82c53c

2026-02-12 08:35:41,749 - ydh_page - INFO - 输入货架号
2026-02-12 08:35:42,261 - ydh_page - INFO - 货架号输入完成
2026-02-12 08:35:44,263 - waybill_service - INFO - 处理第7/79个运单号：YT111111117
2026-02-12 08:35:44,542 - ydh_page - INFO - 处理运单号：YT111111117（手机号：14245181313）
2026-02-12 08:35:45,522 - ydh_page - INFO - 运单号输入完成
2026-02-12 08:35:46,792 - ydh_page - ERROR - 处理运单号YT111111117失败，执行页面刷新：('Connection aborted.', ConnectionResetError(10054, '远程主机强迫关闭了一个现有的连接。', None, 10054, None))
Traceback (most recent call last):
  File "D:\PythonProject\ydh_auto\venv\Lib\site-packages\urllib3\connectionpool.py", line 787, in urlopen
    response = self._make_request(
               ^^^^^^^^^^^^^^^^^^^
  File "D:\PythonProject\ydh_auto\venv\Lib\site-packages\urllib3\connectionpool.py", line 534, in _make_request
    response = conn.getresponse()
               ^^^^^^^^^^^^^^^^^^
  File "D:\PythonProject\ydh_auto\venv\Lib\site-packages\urllib3\connection.py", line 571, in getresponse
    httplib_response = super().getresponse()
                       ^^^^^^^^^^^^^^^^^^^^^
  File "C:\Users\33202\AppData\Local\Programs\Python\Python311\Lib\http\client.py", line 1378, in getresponse
    response.begin()
  File "C:\Users\33202\AppData\Local\Programs\Python\Python311\Lib\http\client.py", line 318, in begin
    version, status, reason = self._read_status()
                              ^^^^^^^^^^^^^^^^^^^
  File "C:\Users\33202\AppData\Local\Programs\Python\Python311\Lib\http\client.py", line 279, in _read_status
    line = str(self.fp.readline(_MAXLINE + 1), "iso-8859-1")
               ^^^^^^^^^^^^^^^^^^^^^^^^^^^^^^
  File "C:\Users\33202\AppData\Local\Programs\Python\Python311\Lib\socket.py", line 706, in readinto
    return self._sock.recv_into(b)
           ^^^^^^^^^^^^^^^^^^^^^^^
ConnectionResetError: [WinError 10054] 远程主机强迫关闭了一个现有的连接。

During handling of the above exception, another exception occurred:

Traceback (most recent call last):
  File "D:\PythonProject\kd_auto\page\ydh_page.py", line 89, in process_single_ydh
    mobile_elem.send_keys(mobile)
  File "D:\PythonProject\ydh_auto\venv\Lib\site-packages\selenium\webdriver\remote\webelement.py", line 276, in send_keys
    self._execute(
  File "D:\PythonProject\ydh_auto\venv\Lib\site-packages\selenium\webdriver\remote\webelement.py", line 508, in _execute
    return self._parent.execute(command, params)
           ^^^^^^^^^^^^^^^^^^^^^^^^^^^^^^^^^^^^^
  File "D:\PythonProject\ydh_auto\venv\Lib\site-packages\selenium\webdriver\remote\webdriver.py", line 429, in execute
    response = cast(RemoteConnection, self.command_executor).execute(driver_command, params)
               ^^^^^^^^^^^^^^^^^^^^^^^^^^^^^^^^^^^^^^^^^^^^^^^^^^^^^^^^^^^^^^^^^^^^^^^^^^^^^
  File "D:\PythonProject\ydh_auto\venv\Lib\site-packages\selenium\webdriver\remote\remote_connection.py", line 406, in execute
    return self._request(command_info[0], url, body=data)
           ^^^^^^^^^^^^^^^^^^^^^^^^^^^^^^^^^^^^^^^^^^^^^^
  File "D:\PythonProject\ydh_auto\venv\Lib\site-packages\selenium\webdriver\remote\remote_connection.py", line 430, in _request
    response = self._conn.request(method, url, body=body, headers=headers, timeout=self._client_config.timeout)
               ^^^^^^^^^^^^^^^^^^^^^^^^^^^^^^^^^^^^^^^^^^^^^^^^^^^^^^^^^^^^^^^^^^^^^^^^^^^^^^^^^^^^^^^^^^^^^^^^
  File "D:\PythonProject\ydh_auto\venv\Lib\site-packages\urllib3\_request_methods.py", line 143, in request
    return self.request_encode_body(
           ^^^^^^^^^^^^^^^^^^^^^^^^^
  File "D:\PythonProject\ydh_auto\venv\Lib\site-packages\urllib3\_request_methods.py", line 278, in request_encode_body
    return self.urlopen(method, url, **extra_kw)
           ^^^^^^^^^^^^^^^^^^^^^^^^^^^^^^^^^^^^^
  File "D:\PythonProject\ydh_auto\venv\Lib\site-packages\urllib3\poolmanager.py", line 457, in urlopen
    response = conn.urlopen(method, u.request_uri, **kw)
               ^^^^^^^^^^^^^^^^^^^^^^^^^^^^^^^^^^^^^^^^^
  File "D:\PythonProject\ydh_auto\venv\Lib\site-packages\urllib3\connectionpool.py", line 841, in urlopen
    retries = retries.increment(
              ^^^^^^^^^^^^^^^^^^
  File "D:\PythonProject\ydh_auto\venv\Lib\site-packages\urllib3\util\retry.py", line 490, in increment
    raise reraise(type(error), error, _stacktrace)
          ^^^^^^^^^^^^^^^^^^^^^^^^^^^^^^^^^^^^^^^^
  File "D:\PythonProject\ydh_auto\venv\Lib\site-packages\urllib3\util\util.py", line 38, in reraise
    raise value.with_traceback(tb)
  File "D:\PythonProject\ydh_auto\venv\Lib\site-packages\urllib3\connectionpool.py", line 787, in urlopen
    response = self._make_request(
               ^^^^^^^^^^^^^^^^^^^
  File "D:\PythonProject\ydh_auto\venv\Lib\site-packages\urllib3\connectionpool.py", line 534, in _make_request
    response = conn.getresponse()
               ^^^^^^^^^^^^^^^^^^
  File "D:\PythonProject\ydh_auto\venv\Lib\site-packages\urllib3\connection.py", line 571, in getresponse
    httplib_response = super().getresponse()
                       ^^^^^^^^^^^^^^^^^^^^^
  File "C:\Users\33202\AppData\Local\Programs\Python\Python311\Lib\http\client.py", line 1378, in getresponse
    response.begin()
  File "C:\Users\33202\AppData\Local\Programs\Python\Python311\Lib\http\client.py", line 318, in begin
    version, status, reason = self._read_status()
                              ^^^^^^^^^^^^^^^^^^^
  File "C:\Users\33202\AppData\Local\Programs\Python\Python311\Lib\http\client.py", line 279, in _read_status
    line = str(self.fp.readline(_MAXLINE + 1), "iso-8859-1")
               ^^^^^^^^^^^^^^^^^^^^^^^^^^^^^^
  File "C:\Users\33202\AppData\Local\Programs\Python\Python311\Lib\socket.py", line 706, in readinto
    return self._sock.recv_into(b)
           ^^^^^^^^^^^^^^^^^^^^^^^
urllib3.exceptions.ProtocolError: ('Connection aborted.', ConnectionResetError(10054, '远程主机强迫关闭了一个现有的连接。', None, 10054, None))
2026-02-12 08:35:51,020 - urllib3.connectionpool - WARNING - Retrying (Retry(total=2, connect=None, read=None, redirect=None, status=None)) after connection broken by 'NewConnectionError("HTTPConnection(host='localhost', port=61574): Failed to establish a new connection: [WinError 10061] 由于目标计算机积极拒绝，无法连接。")': /session/201b956c98f16703e009cfdd920e6e16/screenshot
2026-02-12 08:35:55,091 - urllib3.connectionpool - WARNING - Retrying (Retry(total=1, connect=None, read=None, redirect=None, status=None)) after connection broken by 'NewConnectionError("HTTPConnection(host='localhost', port=61574): Failed to establish a new connection: [WinError 10061] 由于目标计算机积极拒绝，无法连接。")': /session/201b956c98f16703e009cfdd920e6e16/screenshot
2026-02-12 08:35:59,167 - urllib3.connectionpool - WARNING - Retrying (Retry(total=0, connect=None, read=None, redirect=None, status=None)) after connection broken by 'NewConnectionError("HTTPConnection(host='localhost', port=61574): Failed to establish a new connection: [WinError 10061] 由于目标计算机积极拒绝，无法连接。")': /session/201b956c98f16703e009cfdd920e6e16/screenshot
2026-02-12 08:36:03,545 - waybill_service - ERROR - 处理运单号YT111111117失败：HTTPConnectionPool(host='localhost', port=61574): Max retries exceeded with url: /session/201b956c98f16703e009cfdd920e6e16/screenshot (Caused by NewConnectionError("HTTPConnection(host='localhost', port=61574): Failed to establish a new connection: [WinError 10061] 由于目标计算机积极拒绝，无法连接。"))
Traceback (most recent call last):
  File "D:\PythonProject\ydh_auto\venv\Lib\site-packages\urllib3\connectionpool.py", line 787, in urlopen
    response = self._make_request(
               ^^^^^^^^^^^^^^^^^^^
  File "D:\PythonProject\ydh_auto\venv\Lib\site-packages\urllib3\connectionpool.py", line 534, in _make_request
    response = conn.getresponse()
               ^^^^^^^^^^^^^^^^^^
  File "D:\PythonProject\ydh_auto\venv\Lib\site-packages\urllib3\connection.py", line 571, in getresponse
    httplib_response = super().getresponse()
                       ^^^^^^^^^^^^^^^^^^^^^
  File "C:\Users\33202\AppData\Local\Programs\Python\Python311\Lib\http\client.py", line 1378, in getresponse
    response.begin()
  File "C:\Users\33202\AppData\Local\Programs\Python\Python311\Lib\http\client.py", line 318, in begin
    version, status, reason = self._read_status()
                              ^^^^^^^^^^^^^^^^^^^
  File "C:\Users\33202\AppData\Local\Programs\Python\Python311\Lib\http\client.py", line 279, in _read_status
    line = str(self.fp.readline(_MAXLINE + 1), "iso-8859-1")
               ^^^^^^^^^^^^^^^^^^^^^^^^^^^^^^
  File "C:\Users\33202\AppData\Local\Programs\Python\Python311\Lib\socket.py", line 706, in readinto
    return self._sock.recv_into(b)
           ^^^^^^^^^^^^^^^^^^^^^^^
ConnectionResetError: [WinError 10054] 远程主机强迫关闭了一个现有的连接。

During handling of the above exception, another exception occurred:

Traceback (most recent call last):
  File "D:\PythonProject\kd_auto\page\ydh_page.py", line 89, in process_single_ydh
    mobile_elem.send_keys(mobile)
  File "D:\PythonProject\ydh_auto\venv\Lib\site-packages\selenium\webdriver\remote\webelement.py", line 276, in send_keys
    self._execute(
  File "D:\PythonProject\ydh_auto\venv\Lib\site-packages\selenium\webdriver\remote\webelement.py", line 508, in _execute
    return self._parent.execute(command, params)
           ^^^^^^^^^^^^^^^^^^^^^^^^^^^^^^^^^^^^^
  File "D:\PythonProject\ydh_auto\venv\Lib\site-packages\selenium\webdriver\remote\webdriver.py", line 429, in execute
    response = cast(RemoteConnection, self.command_executor).execute(driver_command, params)
               ^^^^^^^^^^^^^^^^^^^^^^^^^^^^^^^^^^^^^^^^^^^^^^^^^^^^^^^^^^^^^^^^^^^^^^^^^^^^^
  File "D:\PythonProject\ydh_auto\venv\Lib\site-packages\selenium\webdriver\remote\remote_connection.py", line 406, in execute
    return self._request(command_info[0], url, body=data)
           ^^^^^^^^^^^^^^^^^^^^^^^^^^^^^^^^^^^^^^^^^^^^^^
  File "D:\PythonProject\ydh_auto\venv\Lib\site-packages\selenium\webdriver\remote\remote_connection.py", line 430, in _request
    response = self._conn.request(method, url, body=body, headers=headers, timeout=self._client_config.timeout)
               ^^^^^^^^^^^^^^^^^^^^^^^^^^^^^^^^^^^^^^^^^^^^^^^^^^^^^^^^^^^^^^^^^^^^^^^^^^^^^^^^^^^^^^^^^^^^^^^^
  File "D:\PythonProject\ydh_auto\venv\Lib\site-packages\urllib3\_request_methods.py", line 143, in request
    return self.request_encode_body(
           ^^^^^^^^^^^^^^^^^^^^^^^^^
  File "D:\PythonProject\ydh_auto\venv\Lib\site-packages\urllib3\_request_methods.py", line 278, in request_encode_body
    return self.urlopen(method, url, **extra_kw)
           ^^^^^^^^^^^^^^^^^^^^^^^^^^^^^^^^^^^^^
  File "D:\PythonProject\ydh_auto\venv\Lib\site-packages\urllib3\poolmanager.py", line 457, in urlopen
    response = conn.urlopen(method, u.request_uri, **kw)
               ^^^^^^^^^^^^^^^^^^^^^^^^^^^^^^^^^^^^^^^^^
  File "D:\PythonProject\ydh_auto\venv\Lib\site-packages\urllib3\connectionpool.py", line 841, in urlopen
    retries = retries.increment(
              ^^^^^^^^^^^^^^^^^^
  File "D:\PythonProject\ydh_auto\venv\Lib\site-packages\urllib3\util\retry.py", line 490, in increment
    raise reraise(type(error), error, _stacktrace)
          ^^^^^^^^^^^^^^^^^^^^^^^^^^^^^^^^^^^^^^^^
  File "D:\PythonProject\ydh_auto\venv\Lib\site-packages\urllib3\util\util.py", line 38, in reraise
    raise value.with_traceback(tb)
  File "D:\PythonProject\ydh_auto\venv\Lib\site-packages\urllib3\connectionpool.py", line 787, in urlopen
    response = self._make_request(
               ^^^^^^^^^^^^^^^^^^^
  File "D:\PythonProject\ydh_auto\venv\Lib\site-packages\urllib3\connectionpool.py", line 534, in _make_request
    response = conn.getresponse()
               ^^^^^^^^^^^^^^^^^^
  File "D:\PythonProject\ydh_auto\venv\Lib\site-packages\urllib3\connection.py", line 571, in getresponse
    httplib_response = super().getresponse()
                       ^^^^^^^^^^^^^^^^^^^^^
  File "C:\Users\33202\AppData\Local\Programs\Python\Python311\Lib\http\client.py", line 1378, in getresponse
    response.begin()
  File "C:\Users\33202\AppData\Local\Programs\Python\Python311\Lib\http\client.py", line 318, in begin
    version, status, reason = self._read_status()
                              ^^^^^^^^^^^^^^^^^^^
  File "C:\Users\33202\AppData\Local\Programs\Python\Python311\Lib\http\client.py", line 279, in _read_status
    line = str(self.fp.readline(_MAXLINE + 1), "iso-8859-1")
               ^^^^^^^^^^^^^^^^^^^^^^^^^^^^^^
  File "C:\Users\33202\AppData\Local\Programs\Python\Python311\Lib\socket.py", line 706, in readinto
    return self._sock.recv_into(b)
           ^^^^^^^^^^^^^^^^^^^^^^^
urllib3.exceptions.ProtocolError: ('Connection aborted.', ConnectionResetError(10054, '远程主机强迫关闭了一个现有的连接。', None, 10054, None))

During handling of the above exception, another exception occurred:

Traceback (most recent call last):
  File "D:\PythonProject\ydh_auto\venv\Lib\site-packages\urllib3\connection.py", line 204, in _new_conn
    sock = connection.create_connection(
           ^^^^^^^^^^^^^^^^^^^^^^^^^^^^^
  File "D:\PythonProject\ydh_auto\venv\Lib\site-packages\urllib3\util\connection.py", line 85, in create_connection
    raise err
  File "D:\PythonProject\ydh_auto\venv\Lib\site-packages\urllib3\util\connection.py", line 73, in create_connection
    sock.connect(sa)
ConnectionRefusedError: [WinError 10061] 由于目标计算机积极拒绝，无法连接。

The above exception was the direct cause of the following exception:

Traceback (most recent call last):
  File "D:\PythonProject\ydh_auto\venv\Lib\site-packages\urllib3\connectionpool.py", line 787, in urlopen
    response = self._make_request(
               ^^^^^^^^^^^^^^^^^^^
  File "D:\PythonProject\ydh_auto\venv\Lib\site-packages\urllib3\connectionpool.py", line 493, in _make_request
    conn.request(
  File "D:\PythonProject\ydh_auto\venv\Lib\site-packages\urllib3\connection.py", line 500, in request
    self.endheaders()
  File "C:\Users\33202\AppData\Local\Programs\Python\Python311\Lib\http\client.py", line 1281, in endheaders
    self._send_output(message_body, encode_chunked=encode_chunked)
  File "C:\Users\33202\AppData\Local\Programs\Python\Python311\Lib\http\client.py", line 1041, in _send_output
    self.send(msg)
  File "C:\Users\33202\AppData\Local\Programs\Python\Python311\Lib\http\client.py", line 979, in send
    self.connect()
  File "D:\PythonProject\ydh_auto\venv\Lib\site-packages\urllib3\connection.py", line 331, in connect
    self.sock = self._new_conn()
                ^^^^^^^^^^^^^^^^
  File "D:\PythonProject\ydh_auto\venv\Lib\site-packages\urllib3\connection.py", line 219, in _new_conn
    raise NewConnectionError(
urllib3.exceptions.NewConnectionError: HTTPConnection(host='localhost', port=61574): Failed to establish a new connection: [WinError 10061] 由于目标计算机积极拒绝，无法连接。

The above exception was the direct cause of the following exception:

Traceback (most recent call last):
  File "D:\PythonProject\kd_auto\main.py", line 143, in process_waybills
    ydh_page.process_single_ydh(waybill_no)
  File "D:\PythonProject\kd_auto\page\ydh_page.py", line 104, in process_single_ydh
    self.save_screenshot(f"ydh_error_{ydh}.png")  # 保留截图
    ^^^^^^^^^^^^^^^^^^^^^^^^^^^^^^^^^^^^^^^^^^^^
  File "D:\PythonProject\kd_auto\page\base_page.py", line 53, in save_screenshot
    self.driver.save_screenshot(screenshot_path)
  File "D:\PythonProject\ydh_auto\venv\Lib\site-packages\selenium\webdriver\remote\webdriver.py", line 882, in save_screenshot
    return self.get_screenshot_as_file(filename)
           ^^^^^^^^^^^^^^^^^^^^^^^^^^^^^^^^^^^^^
  File "D:\PythonProject\ydh_auto\venv\Lib\site-packages\selenium\webdriver\remote\webdriver.py", line 859, in get_screenshot_as_file
    png = self.get_screenshot_as_png()
          ^^^^^^^^^^^^^^^^^^^^^^^^^^^^
  File "D:\PythonProject\ydh_auto\venv\Lib\site-packages\selenium\webdriver\remote\webdriver.py", line 890, in get_screenshot_as_png
    return b64decode(self.get_screenshot_as_base64().encode("ascii"))
                     ^^^^^^^^^^^^^^^^^^^^^^^^^^^^^^^
  File "D:\PythonProject\ydh_auto\venv\Lib\site-packages\selenium\webdriver\remote\webdriver.py", line 900, in get_screenshot_as_base64
    return self.execute(Command.SCREENSHOT)["value"]
           ^^^^^^^^^^^^^^^^^^^^^^^^^^^^^^^^
  File "D:\PythonProject\ydh_auto\venv\Lib\site-packages\selenium\webdriver\remote\webdriver.py", line 429, in execute
    response = cast(RemoteConnection, self.command_executor).execute(driver_command, params)
               ^^^^^^^^^^^^^^^^^^^^^^^^^^^^^^^^^^^^^^^^^^^^^^^^^^^^^^^^^^^^^^^^^^^^^^^^^^^^^
  File "D:\PythonProject\ydh_auto\venv\Lib\site-packages\selenium\webdriver\remote\remote_connection.py", line 406, in execute
    return self._request(command_info[0], url, body=data)
           ^^^^^^^^^^^^^^^^^^^^^^^^^^^^^^^^^^^^^^^^^^^^^^
  File "D:\PythonProject\ydh_auto\venv\Lib\site-packages\selenium\webdriver\remote\remote_connection.py", line 430, in _request
    response = self._conn.request(method, url, body=body, headers=headers, timeout=self._client_config.timeout)
               ^^^^^^^^^^^^^^^^^^^^^^^^^^^^^^^^^^^^^^^^^^^^^^^^^^^^^^^^^^^^^^^^^^^^^^^^^^^^^^^^^^^^^^^^^^^^^^^^
  File "D:\PythonProject\ydh_auto\venv\Lib\site-packages\urllib3\_request_methods.py", line 135, in request
    return self.request_encode_url(
           ^^^^^^^^^^^^^^^^^^^^^^^^
  File "D:\PythonProject\ydh_auto\venv\Lib\site-packages\urllib3\_request_methods.py", line 182, in request_encode_url
    return self.urlopen(method, url, **extra_kw)
           ^^^^^^^^^^^^^^^^^^^^^^^^^^^^^^^^^^^^^
  File "D:\PythonProject\ydh_auto\venv\Lib\site-packages\urllib3\poolmanager.py", line 457, in urlopen
    response = conn.urlopen(method, u.request_uri, **kw)
               ^^^^^^^^^^^^^^^^^^^^^^^^^^^^^^^^^^^^^^^^^
  File "D:\PythonProject\ydh_auto\venv\Lib\site-packages\urllib3\connectionpool.py", line 871, in urlopen
    return self.urlopen(
           ^^^^^^^^^^^^^
  File "D:\PythonProject\ydh_auto\venv\Lib\site-packages\urllib3\connectionpool.py", line 871, in urlopen
    return self.urlopen(
           ^^^^^^^^^^^^^
  File "D:\PythonProject\ydh_auto\venv\Lib\site-packages\urllib3\connectionpool.py", line 871, in urlopen
    return self.urlopen(
           ^^^^^^^^^^^^^
  File "D:\PythonProject\ydh_auto\venv\Lib\site-packages\urllib3\connectionpool.py", line 841, in urlopen
    retries = retries.increment(
              ^^^^^^^^^^^^^^^^^^
  File "D:\PythonProject\ydh_auto\venv\Lib\site-packages\urllib3\util\retry.py", line 535, in increment
    raise MaxRetryError(_pool, url, reason) from reason  # type: ignore[arg-type]
    ^^^^^^^^^^^^^^^^^^^^^^^^^^^^^^^^^^^^^^^^^^^^^^^^^^^
urllib3.exceptions.MaxRetryError: HTTPConnectionPool(host='localhost', port=61574): Max retries exceeded with url: /session/201b956c98f16703e009cfdd920e6e16/screenshot (Caused by NewConnectionError("HTTPConnection(host='localhost', port=61574): Failed to establish a new connection: [WinError 10061] 由于目标计算机积极拒绝，无法连接。"))
2026-02-12 08:36:03,616 - ydh_page - INFO - 输入货架号
2026-02-12 08:36:07,704 - urllib3.connectionpool - WARNING - Retrying (Retry(total=2, connect=None, read=None, redirect=None, status=None)) after connection broken by 'NewConnectionError("HTTPConnection(host='localhost', port=61574): Failed to establish a new connection: [WinError 10061] 由于目标计算机积极拒绝，无法连接。")': /session/201b956c98f16703e009cfdd920e6e16/element
2026-02-12 08:36:11,792 - urllib3.connectionpool - WARNING - Retrying (Retry(total=1, connect=None, read=None, redirect=None, status=None)) after connection broken by 'NewConnectionError("HTTPConnection(host='localhost', port=61574): Failed to establish a new connection: [WinError 10061] 由于目标计算机积极拒绝，无法连接。")': /session/201b956c98f16703e009cfdd920e6e16/element
2026-02-12 08:36:15,887 - urllib3.connectionpool - WARNING - Retrying (Retry(total=0, connect=None, read=None, redirect=None, status=None)) after connection broken by 'NewConnectionError("HTTPConnection(host='localhost', port=61574): Failed to establish a new connection: [WinError 10061] 由于目标计算机积极拒绝，无法连接。")': /session/201b956c98f16703e009cfdd920e6e16/element
2026-02-12 08:36:19,950 - ydh_page - ERROR - 输入货架号失败：HTTPConnectionPool(host='localhost', port=61574): Max retries exceeded with url: /session/201b956c98f16703e009cfdd920e6e16/element (Caused by NewConnectionError("HTTPConnection(host='localhost', port=61574): Failed to establish a new connection: [WinError 10061] 由于目标计算机积极拒绝，无法连接。"))
Traceback (most recent call last):
  File "D:\PythonProject\ydh_auto\venv\Lib\site-packages\urllib3\connectionpool.py", line 787, in urlopen
    response = self._make_request(
               ^^^^^^^^^^^^^^^^^^^
  File "D:\PythonProject\ydh_auto\venv\Lib\site-packages\urllib3\connectionpool.py", line 534, in _make_request
    response = conn.getresponse()
               ^^^^^^^^^^^^^^^^^^
  File "D:\PythonProject\ydh_auto\venv\Lib\site-packages\urllib3\connection.py", line 571, in getresponse
    httplib_response = super().getresponse()
                       ^^^^^^^^^^^^^^^^^^^^^
  File "C:\Users\33202\AppData\Local\Programs\Python\Python311\Lib\http\client.py", line 1378, in getresponse
    response.begin()
  File "C:\Users\33202\AppData\Local\Programs\Python\Python311\Lib\http\client.py", line 318, in begin
    version, status, reason = self._read_status()
                              ^^^^^^^^^^^^^^^^^^^
  File "C:\Users\33202\AppData\Local\Programs\Python\Python311\Lib\http\client.py", line 279, in _read_status
    line = str(self.fp.readline(_MAXLINE + 1), "iso-8859-1")
               ^^^^^^^^^^^^^^^^^^^^^^^^^^^^^^
  File "C:\Users\33202\AppData\Local\Programs\Python\Python311\Lib\socket.py", line 706, in readinto
    return self._sock.recv_into(b)
           ^^^^^^^^^^^^^^^^^^^^^^^
ConnectionResetError: [WinError 10054] 远程主机强迫关闭了一个现有的连接。

During handling of the above exception, another exception occurred:

Traceback (most recent call last):
  File "D:\PythonProject\kd_auto\page\ydh_page.py", line 89, in process_single_ydh
    mobile_elem.send_keys(mobile)
  File "D:\PythonProject\ydh_auto\venv\Lib\site-packages\selenium\webdriver\remote\webelement.py", line 276, in send_keys
    self._execute(
  File "D:\PythonProject\ydh_auto\venv\Lib\site-packages\selenium\webdriver\remote\webelement.py", line 508, in _execute
    return self._parent.execute(command, params)
           ^^^^^^^^^^^^^^^^^^^^^^^^^^^^^^^^^^^^^
  File "D:\PythonProject\ydh_auto\venv\Lib\site-packages\selenium\webdriver\remote\webdriver.py", line 429, in execute
    response = cast(RemoteConnection, self.command_executor).execute(driver_command, params)
               ^^^^^^^^^^^^^^^^^^^^^^^^^^^^^^^^^^^^^^^^^^^^^^^^^^^^^^^^^^^^^^^^^^^^^^^^^^^^^
  File "D:\PythonProject\ydh_auto\venv\Lib\site-packages\selenium\webdriver\remote\remote_connection.py", line 406, in execute
    return self._request(command_info[0], url, body=data)
           ^^^^^^^^^^^^^^^^^^^^^^^^^^^^^^^^^^^^^^^^^^^^^^
  File "D:\PythonProject\ydh_auto\venv\Lib\site-packages\selenium\webdriver\remote\remote_connection.py", line 430, in _request
    response = self._conn.request(method, url, body=body, headers=headers, timeout=self._client_config.timeout)
               ^^^^^^^^^^^^^^^^^^^^^^^^^^^^^^^^^^^^^^^^^^^^^^^^^^^^^^^^^^^^^^^^^^^^^^^^^^^^^^^^^^^^^^^^^^^^^^^^
  File "D:\PythonProject\ydh_auto\venv\Lib\site-packages\urllib3\_request_methods.py", line 143, in request
    return self.request_encode_body(
           ^^^^^^^^^^^^^^^^^^^^^^^^^
  File "D:\PythonProject\ydh_auto\venv\Lib\site-packages\urllib3\_request_methods.py", line 278, in request_encode_body
    return self.urlopen(method, url, **extra_kw)
           ^^^^^^^^^^^^^^^^^^^^^^^^^^^^^^^^^^^^^
  File "D:\PythonProject\ydh_auto\venv\Lib\site-packages\urllib3\poolmanager.py", line 457, in urlopen
    response = conn.urlopen(method, u.request_uri, **kw)
               ^^^^^^^^^^^^^^^^^^^^^^^^^^^^^^^^^^^^^^^^^
  File "D:\PythonProject\ydh_auto\venv\Lib\site-packages\urllib3\connectionpool.py", line 841, in urlopen
    retries = retries.increment(
              ^^^^^^^^^^^^^^^^^^
  File "D:\PythonProject\ydh_auto\venv\Lib\site-packages\urllib3\util\retry.py", line 490, in increment
    raise reraise(type(error), error, _stacktrace)
          ^^^^^^^^^^^^^^^^^^^^^^^^^^^^^^^^^^^^^^^^
  File "D:\PythonProject\ydh_auto\venv\Lib\site-packages\urllib3\util\util.py", line 38, in reraise
    raise value.with_traceback(tb)
  File "D:\PythonProject\ydh_auto\venv\Lib\site-packages\urllib3\connectionpool.py", line 787, in urlopen
    response = self._make_request(
               ^^^^^^^^^^^^^^^^^^^
  File "D:\PythonProject\ydh_auto\venv\Lib\site-packages\urllib3\connectionpool.py", line 534, in _make_request
    response = conn.getresponse()
               ^^^^^^^^^^^^^^^^^^
  File "D:\PythonProject\ydh_auto\venv\Lib\site-packages\urllib3\connection.py", line 571, in getresponse
    httplib_response = super().getresponse()
                       ^^^^^^^^^^^^^^^^^^^^^
  File "C:\Users\33202\AppData\Local\Programs\Python\Python311\Lib\http\client.py", line 1378, in getresponse
    response.begin()
  File "C:\Users\33202\AppData\Local\Programs\Python\Python311\Lib\http\client.py", line 318, in begin
    version, status, reason = self._read_status()
                              ^^^^^^^^^^^^^^^^^^^
  File "C:\Users\33202\AppData\Local\Programs\Python\Python311\Lib\http\client.py", line 279, in _read_status
    line = str(self.fp.readline(_MAXLINE + 1), "iso-8859-1")
               ^^^^^^^^^^^^^^^^^^^^^^^^^^^^^^
  File "C:\Users\33202\AppData\Local\Programs\Python\Python311\Lib\socket.py", line 706, in readinto
    return self._sock.recv_into(b)
           ^^^^^^^^^^^^^^^^^^^^^^^
urllib3.exceptions.ProtocolError: ('Connection aborted.', ConnectionResetError(10054, '远程主机强迫关闭了一个现有的连接。', None, 10054, None))

During handling of the above exception, another exception occurred:

Traceback (most recent call last):
  File "D:\PythonProject\ydh_auto\venv\Lib\site-packages\urllib3\connection.py", line 204, in _new_conn
    sock = connection.create_connection(
           ^^^^^^^^^^^^^^^^^^^^^^^^^^^^^
  File "D:\PythonProject\ydh_auto\venv\Lib\site-packages\urllib3\util\connection.py", line 85, in create_connection
    raise err
  File "D:\PythonProject\ydh_auto\venv\Lib\site-packages\urllib3\util\connection.py", line 73, in create_connection
    sock.connect(sa)
ConnectionRefusedError: [WinError 10061] 由于目标计算机积极拒绝，无法连接。

The above exception was the direct cause of the following exception:

Traceback (most recent call last):
  File "D:\PythonProject\ydh_auto\venv\Lib\site-packages\urllib3\connectionpool.py", line 787, in urlopen
    response = self._make_request(
               ^^^^^^^^^^^^^^^^^^^
  File "D:\PythonProject\ydh_auto\venv\Lib\site-packages\urllib3\connectionpool.py", line 493, in _make_request
    conn.request(
  File "D:\PythonProject\ydh_auto\venv\Lib\site-packages\urllib3\connection.py", line 500, in request
    self.endheaders()
  File "C:\Users\33202\AppData\Local\Programs\Python\Python311\Lib\http\client.py", line 1281, in endheaders
    self._send_output(message_body, encode_chunked=encode_chunked)
  File "C:\Users\33202\AppData\Local\Programs\Python\Python311\Lib\http\client.py", line 1041, in _send_output
    self.send(msg)
  File "C:\Users\33202\AppData\Local\Programs\Python\Python311\Lib\http\client.py", line 979, in send
    self.connect()
  File "D:\PythonProject\ydh_auto\venv\Lib\site-packages\urllib3\connection.py", line 331, in connect
    self.sock = self._new_conn()
                ^^^^^^^^^^^^^^^^
  File "D:\PythonProject\ydh_auto\venv\Lib\site-packages\urllib3\connection.py", line 219, in _new_conn
    raise NewConnectionError(
urllib3.exceptions.NewConnectionError: HTTPConnection(host='localhost', port=61574): Failed to establish a new connection: [WinError 10061] 由于目标计算机积极拒绝，无法连接。

The above exception was the direct cause of the following exception:

Traceback (most recent call last):
  File "D:\PythonProject\kd_auto\main.py", line 143, in process_waybills
    ydh_page.process_single_ydh(waybill_no)
  File "D:\PythonProject\kd_auto\page\ydh_page.py", line 104, in process_single_ydh
    self.save_screenshot(f"ydh_error_{ydh}.png")  # 保留截图
    ^^^^^^^^^^^^^^^^^^^^^^^^^^^^^^^^^^^^^^^^^^^^
  File "D:\PythonProject\kd_auto\page\base_page.py", line 53, in save_screenshot
    self.driver.save_screenshot(screenshot_path)
  File "D:\PythonProject\ydh_auto\venv\Lib\site-packages\selenium\webdriver\remote\webdriver.py", line 882, in save_screenshot
    return self.get_screenshot_as_file(filename)
           ^^^^^^^^^^^^^^^^^^^^^^^^^^^^^^^^^^^^^
  File "D:\PythonProject\ydh_auto\venv\Lib\site-packages\selenium\webdriver\remote\webdriver.py", line 859, in get_screenshot_as_file
    png = self.get_screenshot_as_png()
          ^^^^^^^^^^^^^^^^^^^^^^^^^^^^
  File "D:\PythonProject\ydh_auto\venv\Lib\site-packages\selenium\webdriver\remote\webdriver.py", line 890, in get_screenshot_as_png
    return b64decode(self.get_screenshot_as_base64().encode("ascii"))
                     ^^^^^^^^^^^^^^^^^^^^^^^^^^^^^^^
  File "D:\PythonProject\ydh_auto\venv\Lib\site-packages\selenium\webdriver\remote\webdriver.py", line 900, in get_screenshot_as_base64
    return self.execute(Command.SCREENSHOT)["value"]
           ^^^^^^^^^^^^^^^^^^^^^^^^^^^^^^^^
  File "D:\PythonProject\ydh_auto\venv\Lib\site-packages\selenium\webdriver\remote\webdriver.py", line 429, in execute
    response = cast(RemoteConnection, self.command_executor).execute(driver_command, params)
               ^^^^^^^^^^^^^^^^^^^^^^^^^^^^^^^^^^^^^^^^^^^^^^^^^^^^^^^^^^^^^^^^^^^^^^^^^^^^^
  File "D:\PythonProject\ydh_auto\venv\Lib\site-packages\selenium\webdriver\remote\remote_connection.py", line 406, in execute
    return self._request(command_info[0], url, body=data)
           ^^^^^^^^^^^^^^^^^^^^^^^^^^^^^^^^^^^^^^^^^^^^^^
  File "D:\PythonProject\ydh_auto\venv\Lib\site-packages\selenium\webdriver\remote\remote_connection.py", line 430, in _request
    response = self._conn.request(method, url, body=body, headers=headers, timeout=self._client_config.timeout)
               ^^^^^^^^^^^^^^^^^^^^^^^^^^^^^^^^^^^^^^^^^^^^^^^^^^^^^^^^^^^^^^^^^^^^^^^^^^^^^^^^^^^^^^^^^^^^^^^^
  File "D:\PythonProject\ydh_auto\venv\Lib\site-packages\urllib3\_request_methods.py", line 135, in request
    return self.request_encode_url(
           ^^^^^^^^^^^^^^^^^^^^^^^^
  File "D:\PythonProject\ydh_auto\venv\Lib\site-packages\urllib3\_request_methods.py", line 182, in request_encode_url
    return self.urlopen(method, url, **extra_kw)
           ^^^^^^^^^^^^^^^^^^^^^^^^^^^^^^^^^^^^^
  File "D:\PythonProject\ydh_auto\venv\Lib\site-packages\urllib3\poolmanager.py", line 457, in urlopen
    response = conn.urlopen(method, u.request_uri, **kw)
               ^^^^^^^^^^^^^^^^^^^^^^^^^^^^^^^^^^^^^^^^^
  File "D:\PythonProject\ydh_auto\venv\Lib\site-packages\urllib3\connectionpool.py", line 871, in urlopen
    return self.urlopen(
           ^^^^^^^^^^^^^
  File "D:\PythonProject\ydh_auto\venv\Lib\site-packages\urllib3\connectionpool.py", line 871, in urlopen
    return self.urlopen(
           ^^^^^^^^^^^^^
  File "D:\PythonProject\ydh_auto\venv\Lib\site-packages\urllib3\connectionpool.py", line 871, in urlopen
    return self.urlopen(
           ^^^^^^^^^^^^^
  File "D:\PythonProject\ydh_auto\venv\Lib\site-packages\urllib3\connectionpool.py", line 841, in urlopen
    retries = retries.increment(
              ^^^^^^^^^^^^^^^^^^
  File "D:\PythonProject\ydh_auto\venv\Lib\site-packages\urllib3\util\retry.py", line 535, in increment
    raise MaxRetryError(_pool, url, reason) from reason  # type: ignore[arg-type]
    ^^^^^^^^^^^^^^^^^^^^^^^^^^^^^^^^^^^^^^^^^^^^^^^^^^^
urllib3.exceptions.MaxRetryError: HTTPConnectionPool(host='localhost', port=61574): Max retries exceeded with url: /session/201b956c98f16703e009cfdd920e6e16/screenshot (Caused by NewConnectionError("HTTPConnection(host='localhost', port=61574): Failed to establish a new connection: [WinError 10061] 由于目标计算机积极拒绝，无法连接。"))

During handling of the above exception, another exception occurred:

Traceback (most recent call last):
  File "D:\PythonProject\ydh_auto\venv\Lib\site-packages\urllib3\connection.py", line 204, in _new_conn
    sock = connection.create_connection(
           ^^^^^^^^^^^^^^^^^^^^^^^^^^^^^
  File "D:\PythonProject\ydh_auto\venv\Lib\site-packages\urllib3\util\connection.py", line 85, in create_connection
    raise err
  File "D:\PythonProject\ydh_auto\venv\Lib\site-packages\urllib3\util\connection.py", line 73, in create_connection
    sock.connect(sa)
ConnectionRefusedError: [WinError 10061] 由于目标计算机积极拒绝，无法连接。

The above exception was the direct cause of the following exception:

Traceback (most recent call last):
  File "D:\PythonProject\ydh_auto\venv\Lib\site-packages\urllib3\connectionpool.py", line 787, in urlopen
    response = self._make_request(
               ^^^^^^^^^^^^^^^^^^^
  File "D:\PythonProject\ydh_auto\venv\Lib\site-packages\urllib3\connectionpool.py", line 493, in _make_request
    conn.request(
  File "D:\PythonProject\ydh_auto\venv\Lib\site-packages\urllib3\connection.py", line 500, in request
    self.endheaders()
  File "C:\Users\33202\AppData\Local\Programs\Python\Python311\Lib\http\client.py", line 1281, in endheaders
    self._send_output(message_body, encode_chunked=encode_chunked)
  File "C:\Users\33202\AppData\Local\Programs\Python\Python311\Lib\http\client.py", line 1041, in _send_output
    self.send(msg)
  File "C:\Users\33202\AppData\Local\Programs\Python\Python311\Lib\http\client.py", line 979, in send
    self.connect()
  File "D:\PythonProject\ydh_auto\venv\Lib\site-packages\urllib3\connection.py", line 331, in connect
    self.sock = self._new_conn()
                ^^^^^^^^^^^^^^^^
  File "D:\PythonProject\ydh_auto\venv\Lib\site-packages\urllib3\connection.py", line 219, in _new_conn
    raise NewConnectionError(
urllib3.exceptions.NewConnectionError: HTTPConnection(host='localhost', port=61574): Failed to establish a new connection: [WinError 10061] 由于目标计算机积极拒绝，无法连接。

The above exception was the direct cause of the following exception:

Traceback (most recent call last):
  File "D:\PythonProject\kd_auto\page\ydh_page.py", line 53, in input_shelf_num
    shelf_elem = self.wait_element_clickable(self.SHELF_NUM_INPUT)
                 ^^^^^^^^^^^^^^^^^^^^^^^^^^^^^^^^^^^^^^^^^^^^^^^^^
  File "D:\PythonProject\kd_auto\page\base_page.py", line 31, in wait_element_clickable
    return WebDriverWait(self.driver, timeout).until(EC.element_to_be_clickable(locator))
           ^^^^^^^^^^^^^^^^^^^^^^^^^^^^^^^^^^^^^^^^^^^^^^^^^^^^^^^^^^^^^^^^^^^^^^^^^^^^^^
  File "D:\PythonProject\ydh_auto\venv\Lib\site-packages\selenium\webdriver\support\wait.py", line 112, in until
    value = method(self._driver)
            ^^^^^^^^^^^^^^^^^^^^
  File "D:\PythonProject\ydh_auto\venv\Lib\site-packages\selenium\webdriver\support\expected_conditions.py", line 514, in _predicate
    target = driver.find_element(*target)  # grab element at locator
             ^^^^^^^^^^^^^^^^^^^^^^^^^^^^
  File "D:\PythonProject\ydh_auto\venv\Lib\site-packages\selenium\webdriver\remote\webdriver.py", line 802, in find_element
    return self.execute(Command.FIND_ELEMENT, {"using": by, "value": value})["value"]
           ^^^^^^^^^^^^^^^^^^^^^^^^^^^^^^^^^^^^^^^^^^^^^^^^^^^^^^^^^^^^^^^^^
  File "D:\PythonProject\ydh_auto\venv\Lib\site-packages\selenium\webdriver\remote\webdriver.py", line 429, in execute
    response = cast(RemoteConnection, self.command_executor).execute(driver_command, params)
               ^^^^^^^^^^^^^^^^^^^^^^^^^^^^^^^^^^^^^^^^^^^^^^^^^^^^^^^^^^^^^^^^^^^^^^^^^^^^^
  File "D:\PythonProject\ydh_auto\venv\Lib\site-packages\selenium\webdriver\remote\remote_connection.py", line 406, in execute
    return self._request(command_info[0], url, body=data)
           ^^^^^^^^^^^^^^^^^^^^^^^^^^^^^^^^^^^^^^^^^^^^^^
  File "D:\PythonProject\ydh_auto\venv\Lib\site-packages\selenium\webdriver\remote\remote_connection.py", line 430, in _request
    response = self._conn.request(method, url, body=body, headers=headers, timeout=self._client_config.timeout)
               ^^^^^^^^^^^^^^^^^^^^^^^^^^^^^^^^^^^^^^^^^^^^^^^^^^^^^^^^^^^^^^^^^^^^^^^^^^^^^^^^^^^^^^^^^^^^^^^^
  File "D:\PythonProject\ydh_auto\venv\Lib\site-packages\urllib3\_request_methods.py", line 143, in request
    return self.request_encode_body(
           ^^^^^^^^^^^^^^^^^^^^^^^^^
  File "D:\PythonProject\ydh_auto\venv\Lib\site-packages\urllib3\_request_methods.py", line 278, in request_encode_body
    return self.urlopen(method, url, **extra_kw)
           ^^^^^^^^^^^^^^^^^^^^^^^^^^^^^^^^^^^^^
  File "D:\PythonProject\ydh_auto\venv\Lib\site-packages\urllib3\poolmanager.py", line 457, in urlopen
    response = conn.urlopen(method, u.request_uri, **kw)
               ^^^^^^^^^^^^^^^^^^^^^^^^^^^^^^^^^^^^^^^^^
  File "D:\PythonProject\ydh_auto\venv\Lib\site-packages\urllib3\connectionpool.py", line 871, in urlopen
    return self.urlopen(
           ^^^^^^^^^^^^^
  File "D:\PythonProject\ydh_auto\venv\Lib\site-packages\urllib3\connectionpool.py", line 871, in urlopen
    return self.urlopen(
           ^^^^^^^^^^^^^
  File "D:\PythonProject\ydh_auto\venv\Lib\site-packages\urllib3\connectionpool.py", line 871, in urlopen
    return self.urlopen(
           ^^^^^^^^^^^^^
  File "D:\PythonProject\ydh_auto\venv\Lib\site-packages\urllib3\connectionpool.py", line 841, in urlopen
    retries = retries.increment(
              ^^^^^^^^^^^^^^^^^^
  File "D:\PythonProject\ydh_auto\venv\Lib\site-packages\urllib3\util\retry.py", line 535, in increment
    raise MaxRetryError(_pool, url, reason) from reason  # type: ignore[arg-type]
    ^^^^^^^^^^^^^^^^^^^^^^^^^^^^^^^^^^^^^^^^^^^^^^^^^^^
urllib3.exceptions.MaxRetryError: HTTPConnectionPool(host='localhost', port=61574): Max retries exceeded with url: /session/201b956c98f16703e009cfdd920e6e16/element (Caused by NewConnectionError("HTTPConnection(host='localhost', port=61574): Failed to establish a new connection: [WinError 10061] 由于目标计算机积极拒绝，无法连接。"))
2026-02-12 08:36:19,996 - waybill_service - ERROR - 运单处理核心逻辑失败：HTTPConnectionPool(host='localhost', port=61574): Max retries exceeded with url: /session/201b956c98f16703e009cfdd920e6e16/element (Caused by NewConnectionError("HTTPConnection(host='localhost', port=61574): Failed to establish a new connection: [WinError 10061] 由于目标计算机积极拒绝，无法连接。"))
Traceback (most recent call last):
  File "D:\PythonProject\ydh_auto\venv\Lib\site-packages\urllib3\connectionpool.py", line 787, in urlopen
    response = self._make_request(
               ^^^^^^^^^^^^^^^^^^^
  File "D:\PythonProject\ydh_auto\venv\Lib\site-packages\urllib3\connectionpool.py", line 534, in _make_request
    response = conn.getresponse()
               ^^^^^^^^^^^^^^^^^^
  File "D:\PythonProject\ydh_auto\venv\Lib\site-packages\urllib3\connection.py", line 571, in getresponse
    httplib_response = super().getresponse()
                       ^^^^^^^^^^^^^^^^^^^^^
  File "C:\Users\33202\AppData\Local\Programs\Python\Python311\Lib\http\client.py", line 1378, in getresponse
    response.begin()
  File "C:\Users\33202\AppData\Local\Programs\Python\Python311\Lib\http\client.py", line 318, in begin
    version, status, reason = self._read_status()
                              ^^^^^^^^^^^^^^^^^^^
  File "C:\Users\33202\AppData\Local\Programs\Python\Python311\Lib\http\client.py", line 279, in _read_status
    line = str(self.fp.readline(_MAXLINE + 1), "iso-8859-1")
               ^^^^^^^^^^^^^^^^^^^^^^^^^^^^^^
  File "C:\Users\33202\AppData\Local\Programs\Python\Python311\Lib\socket.py", line 706, in readinto
    return self._sock.recv_into(b)
           ^^^^^^^^^^^^^^^^^^^^^^^
ConnectionResetError: [WinError 10054] 远程主机强迫关闭了一个现有的连接。

During handling of the above exception, another exception occurred:

Traceback (most recent call last):
  File "D:\PythonProject\kd_auto\page\ydh_page.py", line 89, in process_single_ydh
    mobile_elem.send_keys(mobile)
  File "D:\PythonProject\ydh_auto\venv\Lib\site-packages\selenium\webdriver\remote\webelement.py", line 276, in send_keys
    self._execute(
  File "D:\PythonProject\ydh_auto\venv\Lib\site-packages\selenium\webdriver\remote\webelement.py", line 508, in _execute
    return self._parent.execute(command, params)
           ^^^^^^^^^^^^^^^^^^^^^^^^^^^^^^^^^^^^^
  File "D:\PythonProject\ydh_auto\venv\Lib\site-packages\selenium\webdriver\remote\webdriver.py", line 429, in execute
    response = cast(RemoteConnection, self.command_executor).execute(driver_command, params)
               ^^^^^^^^^^^^^^^^^^^^^^^^^^^^^^^^^^^^^^^^^^^^^^^^^^^^^^^^^^^^^^^^^^^^^^^^^^^^^
  File "D:\PythonProject\ydh_auto\venv\Lib\site-packages\selenium\webdriver\remote\remote_connection.py", line 406, in execute
    return self._request(command_info[0], url, body=data)
           ^^^^^^^^^^^^^^^^^^^^^^^^^^^^^^^^^^^^^^^^^^^^^^
  File "D:\PythonProject\ydh_auto\venv\Lib\site-packages\selenium\webdriver\remote\remote_connection.py", line 430, in _request
    response = self._conn.request(method, url, body=body, headers=headers, timeout=self._client_config.timeout)
               ^^^^^^^^^^^^^^^^^^^^^^^^^^^^^^^^^^^^^^^^^^^^^^^^^^^^^^^^^^^^^^^^^^^^^^^^^^^^^^^^^^^^^^^^^^^^^^^^
  File "D:\PythonProject\ydh_auto\venv\Lib\site-packages\urllib3\_request_methods.py", line 143, in request
    return self.request_encode_body(
           ^^^^^^^^^^^^^^^^^^^^^^^^^
  File "D:\PythonProject\ydh_auto\venv\Lib\site-packages\urllib3\_request_methods.py", line 278, in request_encode_body
    return self.urlopen(method, url, **extra_kw)
           ^^^^^^^^^^^^^^^^^^^^^^^^^^^^^^^^^^^^^
  File "D:\PythonProject\ydh_auto\venv\Lib\site-packages\urllib3\poolmanager.py", line 457, in urlopen
    response = conn.urlopen(method, u.request_uri, **kw)
               ^^^^^^^^^^^^^^^^^^^^^^^^^^^^^^^^^^^^^^^^^
  File "D:\PythonProject\ydh_auto\venv\Lib\site-packages\urllib3\connectionpool.py", line 841, in urlopen
    retries = retries.increment(
              ^^^^^^^^^^^^^^^^^^
  File "D:\PythonProject\ydh_auto\venv\Lib\site-packages\urllib3\util\retry.py", line 490, in increment
    raise reraise(type(error), error, _stacktrace)
          ^^^^^^^^^^^^^^^^^^^^^^^^^^^^^^^^^^^^^^^^
  File "D:\PythonProject\ydh_auto\venv\Lib\site-packages\urllib3\util\util.py", line 38, in reraise
    raise value.with_traceback(tb)
  File "D:\PythonProject\ydh_auto\venv\Lib\site-packages\urllib3\connectionpool.py", line 787, in urlopen
    response = self._make_request(
               ^^^^^^^^^^^^^^^^^^^
  File "D:\PythonProject\ydh_auto\venv\Lib\site-packages\urllib3\connectionpool.py", line 534, in _make_request
    response = conn.getresponse()
               ^^^^^^^^^^^^^^^^^^
  File "D:\PythonProject\ydh_auto\venv\Lib\site-packages\urllib3\connection.py", line 571, in getresponse
    httplib_response = super().getresponse()
                       ^^^^^^^^^^^^^^^^^^^^^
  File "C:\Users\33202\AppData\Local\Programs\Python\Python311\Lib\http\client.py", line 1378, in getresponse
    response.begin()
  File "C:\Users\33202\AppData\Local\Programs\Python\Python311\Lib\http\client.py", line 318, in begin
    version, status, reason = self._read_status()
                              ^^^^^^^^^^^^^^^^^^^
  File "C:\Users\33202\AppData\Local\Programs\Python\Python311\Lib\http\client.py", line 279, in _read_status
    line = str(self.fp.readline(_MAXLINE + 1), "iso-8859-1")
               ^^^^^^^^^^^^^^^^^^^^^^^^^^^^^^
  File "C:\Users\33202\AppData\Local\Programs\Python\Python311\Lib\socket.py", line 706, in readinto
    return self._sock.recv_into(b)
           ^^^^^^^^^^^^^^^^^^^^^^^
urllib3.exceptions.ProtocolError: ('Connection aborted.', ConnectionResetError(10054, '远程主机强迫关闭了一个现有的连接。', None, 10054, None))

During handling of the above exception, another exception occurred:

Traceback (most recent call last):
  File "D:\PythonProject\ydh_auto\venv\Lib\site-packages\urllib3\connection.py", line 204, in _new_conn
    sock = connection.create_connection(
           ^^^^^^^^^^^^^^^^^^^^^^^^^^^^^
  File "D:\PythonProject\ydh_auto\venv\Lib\site-packages\urllib3\util\connection.py", line 85, in create_connection
    raise err
  File "D:\PythonProject\ydh_auto\venv\Lib\site-packages\urllib3\util\connection.py", line 73, in create_connection
    sock.connect(sa)
ConnectionRefusedError: [WinError 10061] 由于目标计算机积极拒绝，无法连接。

The above exception was the direct cause of the following exception:

Traceback (most recent call last):
  File "D:\PythonProject\ydh_auto\venv\Lib\site-packages\urllib3\connectionpool.py", line 787, in urlopen
    response = self._make_request(
               ^^^^^^^^^^^^^^^^^^^
  File "D:\PythonProject\ydh_auto\venv\Lib\site-packages\urllib3\connectionpool.py", line 493, in _make_request
    conn.request(
  File "D:\PythonProject\ydh_auto\venv\Lib\site-packages\urllib3\connection.py", line 500, in request
    self.endheaders()
  File "C:\Users\33202\AppData\Local\Programs\Python\Python311\Lib\http\client.py", line 1281, in endheaders
    self._send_output(message_body, encode_chunked=encode_chunked)
  File "C:\Users\33202\AppData\Local\Programs\Python\Python311\Lib\http\client.py", line 1041, in _send_output
    self.send(msg)
  File "C:\Users\33202\AppData\Local\Programs\Python\Python311\Lib\http\client.py", line 979, in send
    self.connect()
  File "D:\PythonProject\ydh_auto\venv\Lib\site-packages\urllib3\connection.py", line 331, in connect
    self.sock = self._new_conn()
                ^^^^^^^^^^^^^^^^
  File "D:\PythonProject\ydh_auto\venv\Lib\site-packages\urllib3\connection.py", line 219, in _new_conn
    raise NewConnectionError(
urllib3.exceptions.NewConnectionError: HTTPConnection(host='localhost', port=61574): Failed to establish a new connection: [WinError 10061] 由于目标计算机积极拒绝，无法连接。

The above exception was the direct cause of the following exception:

Traceback (most recent call last):
  File "D:\PythonProject\kd_auto\main.py", line 143, in process_waybills
    ydh_page.process_single_ydh(waybill_no)
  File "D:\PythonProject\kd_auto\page\ydh_page.py", line 104, in process_single_ydh
    self.save_screenshot(f"ydh_error_{ydh}.png")  # 保留截图
    ^^^^^^^^^^^^^^^^^^^^^^^^^^^^^^^^^^^^^^^^^^^^
  File "D:\PythonProject\kd_auto\page\base_page.py", line 53, in save_screenshot
    self.driver.save_screenshot(screenshot_path)
  File "D:\PythonProject\ydh_auto\venv\Lib\site-packages\selenium\webdriver\remote\webdriver.py", line 882, in save_screenshot
    return self.get_screenshot_as_file(filename)
           ^^^^^^^^^^^^^^^^^^^^^^^^^^^^^^^^^^^^^
  File "D:\PythonProject\ydh_auto\venv\Lib\site-packages\selenium\webdriver\remote\webdriver.py", line 859, in get_screenshot_as_file
    png = self.get_screenshot_as_png()
          ^^^^^^^^^^^^^^^^^^^^^^^^^^^^
  File "D:\PythonProject\ydh_auto\venv\Lib\site-packages\selenium\webdriver\remote\webdriver.py", line 890, in get_screenshot_as_png
    return b64decode(self.get_screenshot_as_base64().encode("ascii"))
                     ^^^^^^^^^^^^^^^^^^^^^^^^^^^^^^^
  File "D:\PythonProject\ydh_auto\venv\Lib\site-packages\selenium\webdriver\remote\webdriver.py", line 900, in get_screenshot_as_base64
    return self.execute(Command.SCREENSHOT)["value"]
           ^^^^^^^^^^^^^^^^^^^^^^^^^^^^^^^^
  File "D:\PythonProject\ydh_auto\venv\Lib\site-packages\selenium\webdriver\remote\webdriver.py", line 429, in execute
    response = cast(RemoteConnection, self.command_executor).execute(driver_command, params)
               ^^^^^^^^^^^^^^^^^^^^^^^^^^^^^^^^^^^^^^^^^^^^^^^^^^^^^^^^^^^^^^^^^^^^^^^^^^^^^
  File "D:\PythonProject\ydh_auto\venv\Lib\site-packages\selenium\webdriver\remote\remote_connection.py", line 406, in execute
    return self._request(command_info[0], url, body=data)
           ^^^^^^^^^^^^^^^^^^^^^^^^^^^^^^^^^^^^^^^^^^^^^^
  File "D:\PythonProject\ydh_auto\venv\Lib\site-packages\selenium\webdriver\remote\remote_connection.py", line 430, in _request
    response = self._conn.request(method, url, body=body, headers=headers, timeout=self._client_config.timeout)
               ^^^^^^^^^^^^^^^^^^^^^^^^^^^^^^^^^^^^^^^^^^^^^^^^^^^^^^^^^^^^^^^^^^^^^^^^^^^^^^^^^^^^^^^^^^^^^^^^
  File "D:\PythonProject\ydh_auto\venv\Lib\site-packages\urllib3\_request_methods.py", line 135, in request
    return self.request_encode_url(
           ^^^^^^^^^^^^^^^^^^^^^^^^
  File "D:\PythonProject\ydh_auto\venv\Lib\site-packages\urllib3\_request_methods.py", line 182, in request_encode_url
    return self.urlopen(method, url, **extra_kw)
           ^^^^^^^^^^^^^^^^^^^^^^^^^^^^^^^^^^^^^
  File "D:\PythonProject\ydh_auto\venv\Lib\site-packages\urllib3\poolmanager.py", line 457, in urlopen
    response = conn.urlopen(method, u.request_uri, **kw)
               ^^^^^^^^^^^^^^^^^^^^^^^^^^^^^^^^^^^^^^^^^
  File "D:\PythonProject\ydh_auto\venv\Lib\site-packages\urllib3\connectionpool.py", line 871, in urlopen
    return self.urlopen(
           ^^^^^^^^^^^^^
  File "D:\PythonProject\ydh_auto\venv\Lib\site-packages\urllib3\connectionpool.py", line 871, in urlopen
    return self.urlopen(
           ^^^^^^^^^^^^^
  File "D:\PythonProject\ydh_auto\venv\Lib\site-packages\urllib3\connectionpool.py", line 871, in urlopen
    return self.urlopen(
           ^^^^^^^^^^^^^
  File "D:\PythonProject\ydh_auto\venv\Lib\site-packages\urllib3\connectionpool.py", line 841, in urlopen
    retries = retries.increment(
              ^^^^^^^^^^^^^^^^^^
  File "D:\PythonProject\ydh_auto\venv\Lib\site-packages\urllib3\util\retry.py", line 535, in increment
    raise MaxRetryError(_pool, url, reason) from reason  # type: ignore[arg-type]
    ^^^^^^^^^^^^^^^^^^^^^^^^^^^^^^^^^^^^^^^^^^^^^^^^^^^
urllib3.exceptions.MaxRetryError: HTTPConnectionPool(host='localhost', port=61574): Max retries exceeded with url: /session/201b956c98f16703e009cfdd920e6e16/screenshot (Caused by NewConnectionError("HTTPConnection(host='localhost', port=61574): Failed to establish a new connection: [WinError 10061] 由于目标计算机积极拒绝，无法连接。"))

During handling of the above exception, another exception occurred:

Traceback (most recent call last):
  File "D:\PythonProject\ydh_auto\venv\Lib\site-packages\urllib3\connection.py", line 204, in _new_conn
    sock = connection.create_connection(
           ^^^^^^^^^^^^^^^^^^^^^^^^^^^^^
  File "D:\PythonProject\ydh_auto\venv\Lib\site-packages\urllib3\util\connection.py", line 85, in create_connection
    raise err
  File "D:\PythonProject\ydh_auto\venv\Lib\site-packages\urllib3\util\connection.py", line 73, in create_connection
    sock.connect(sa)
ConnectionRefusedError: [WinError 10061] 由于目标计算机积极拒绝，无法连接。

The above exception was the direct cause of the following exception:

Traceback (most recent call last):
  File "D:\PythonProject\ydh_auto\venv\Lib\site-packages\urllib3\connectionpool.py", line 787, in urlopen
    response = self._make_request(
               ^^^^^^^^^^^^^^^^^^^
  File "D:\PythonProject\ydh_auto\venv\Lib\site-packages\urllib3\connectionpool.py", line 493, in _make_request
    conn.request(
  File "D:\PythonProject\ydh_auto\venv\Lib\site-packages\urllib3\connection.py", line 500, in request
    self.endheaders()
  File "C:\Users\33202\AppData\Local\Programs\Python\Python311\Lib\http\client.py", line 1281, in endheaders
    self._send_output(message_body, encode_chunked=encode_chunked)
  File "C:\Users\33202\AppData\Local\Programs\Python\Python311\Lib\http\client.py", line 1041, in _send_output
    self.send(msg)
  File "C:\Users\33202\AppData\Local\Programs\Python\Python311\Lib\http\client.py", line 979, in send
    self.connect()
  File "D:\PythonProject\ydh_auto\venv\Lib\site-packages\urllib3\connection.py", line 331, in connect
    self.sock = self._new_conn()
                ^^^^^^^^^^^^^^^^
  File "D:\PythonProject\ydh_auto\venv\Lib\site-packages\urllib3\connection.py", line 219, in _new_conn
    raise NewConnectionError(
urllib3.exceptions.NewConnectionError: HTTPConnection(host='localhost', port=61574): Failed to establish a new connection: [WinError 10061] 由于目标计算机积极拒绝，无法连接。

The above exception was the direct cause of the following exception:

Traceback (most recent call last):
  File "D:\PythonProject\kd_auto\main.py", line 155, in process_waybills
    ydh_page.input_shelf_num()
  File "D:\PythonProject\kd_auto\page\ydh_page.py", line 53, in input_shelf_num
    shelf_elem = self.wait_element_clickable(self.SHELF_NUM_INPUT)
                 ^^^^^^^^^^^^^^^^^^^^^^^^^^^^^^^^^^^^^^^^^^^^^^^^^
  File "D:\PythonProject\kd_auto\page\base_page.py", line 31, in wait_element_clickable
    return WebDriverWait(self.driver, timeout).until(EC.element_to_be_clickable(locator))
           ^^^^^^^^^^^^^^^^^^^^^^^^^^^^^^^^^^^^^^^^^^^^^^^^^^^^^^^^^^^^^^^^^^^^^^^^^^^^^^
  File "D:\PythonProject\ydh_auto\venv\Lib\site-packages\selenium\webdriver\support\wait.py", line 112, in until
    value = method(self._driver)
            ^^^^^^^^^^^^^^^^^^^^
  File "D:\PythonProject\ydh_auto\venv\Lib\site-packages\selenium\webdriver\support\expected_conditions.py", line 514, in _predicate
    target = driver.find_element(*target)  # grab element at locator
             ^^^^^^^^^^^^^^^^^^^^^^^^^^^^
  File "D:\PythonProject\ydh_auto\venv\Lib\site-packages\selenium\webdriver\remote\webdriver.py", line 802, in find_element
    return self.execute(Command.FIND_ELEMENT, {"using": by, "value": value})["value"]
           ^^^^^^^^^^^^^^^^^^^^^^^^^^^^^^^^^^^^^^^^^^^^^^^^^^^^^^^^^^^^^^^^^
  File "D:\PythonProject\ydh_auto\venv\Lib\site-packages\selenium\webdriver\remote\webdriver.py", line 429, in execute
    response = cast(RemoteConnection, self.command_executor).execute(driver_command, params)
               ^^^^^^^^^^^^^^^^^^^^^^^^^^^^^^^^^^^^^^^^^^^^^^^^^^^^^^^^^^^^^^^^^^^^^^^^^^^^^
  File "D:\PythonProject\ydh_auto\venv\Lib\site-packages\selenium\webdriver\remote\remote_connection.py", line 406, in execute
    return self._request(command_info[0], url, body=data)
           ^^^^^^^^^^^^^^^^^^^^^^^^^^^^^^^^^^^^^^^^^^^^^^
  File "D:\PythonProject\ydh_auto\venv\Lib\site-packages\selenium\webdriver\remote\remote_connection.py", line 430, in _request
    response = self._conn.request(method, url, body=body, headers=headers, timeout=self._client_config.timeout)
               ^^^^^^^^^^^^^^^^^^^^^^^^^^^^^^^^^^^^^^^^^^^^^^^^^^^^^^^^^^^^^^^^^^^^^^^^^^^^^^^^^^^^^^^^^^^^^^^^
  File "D:\PythonProject\ydh_auto\venv\Lib\site-packages\urllib3\_request_methods.py", line 143, in request
    return self.request_encode_body(
           ^^^^^^^^^^^^^^^^^^^^^^^^^
  File "D:\PythonProject\ydh_auto\venv\Lib\site-packages\urllib3\_request_methods.py", line 278, in request_encode_body
    return self.urlopen(method, url, **extra_kw)
           ^^^^^^^^^^^^^^^^^^^^^^^^^^^^^^^^^^^^^
  File "D:\PythonProject\ydh_auto\venv\Lib\site-packages\urllib3\poolmanager.py", line 457, in urlopen
    response = conn.urlopen(method, u.request_uri, **kw)
               ^^^^^^^^^^^^^^^^^^^^^^^^^^^^^^^^^^^^^^^^^
  File "D:\PythonProject\ydh_auto\venv\Lib\site-packages\urllib3\connectionpool.py", line 871, in urlopen
    return self.urlopen(
           ^^^^^^^^^^^^^
  File "D:\PythonProject\ydh_auto\venv\Lib\site-packages\urllib3\connectionpool.py", line 871, in urlopen
    return self.urlopen(
           ^^^^^^^^^^^^^
  File "D:\PythonProject\ydh_auto\venv\Lib\site-packages\urllib3\connectionpool.py", line 871, in urlopen
    return self.urlopen(
           ^^^^^^^^^^^^^
  File "D:\PythonProject\ydh_auto\venv\Lib\site-packages\urllib3\connectionpool.py", line 841, in urlopen
    retries = retries.increment(
              ^^^^^^^^^^^^^^^^^^
  File "D:\PythonProject\ydh_auto\venv\Lib\site-packages\urllib3\util\retry.py", line 535, in increment
    raise MaxRetryError(_pool, url, reason) from reason  # type: ignore[arg-type]
    ^^^^^^^^^^^^^^^^^^^^^^^^^^^^^^^^^^^^^^^^^^^^^^^^^^^
urllib3.exceptions.MaxRetryError: HTTPConnectionPool(host='localhost', port=61574): Max retries exceeded with url: /session/201b956c98f16703e009cfdd920e6e16/element (Caused by NewConnectionError("HTTPConnection(host='localhost', port=61574): Failed to establish a new connection: [WinError 10061] 由于目标计算机积极拒绝，无法连接。"))
2026-02-12 08:36:24,164 - urllib3.connectionpool - WARNING - Retrying (Retry(total=2, connect=None, read=None, redirect=None, status=None)) after connection broken by 'NewConnectionError("HTTPConnection(host='localhost', port=61574): Failed to establish a new connection: [WinError 10061] 由于目标计算机积极拒绝，无法连接。")': /session/201b956c98f16703e009cfdd920e6e16/screenshot
2026-02-12 08:36:28,287 - urllib3.connectionpool - WARNING - Retrying (Retry(total=1, connect=None, read=None, redirect=None, status=None)) after connection broken by 'NewConnectionError("HTTPConnection(host='localhost', port=61574): Failed to establish a new connection: [WinError 10061] 由于目标计算机积极拒绝，无法连接。")': /session/201b956c98f16703e009cfdd920e6e16/screenshot
2026-02-12 08:36:32,360 - urllib3.connectionpool - WARNING - Retrying (Retry(total=0, connect=None, read=None, redirect=None, status=None)) after connection broken by 'NewConnectionError("HTTPConnection(host='localhost', port=61574): Failed to establish a new connection: [WinError 10061] 由于目标计算机积极拒绝，无法连接。")': /session/201b956c98f16703e009cfdd920e6e16/screenshot
2026-02-12 08:36:40,543 - urllib3.connectionpool - WARNING - Retrying (Retry(total=2, connect=None, read=None, redirect=None, status=None)) after connection broken by 'NewConnectionError("HTTPConnection(host='localhost', port=61574): Failed to establish a new connection: [WinError 10061] 由于目标计算机积极拒绝，无法连接。")': /session/201b956c98f16703e009cfdd920e6e16
2026-02-12 08:36:44,620 - urllib3.connectionpool - WARNING - Retrying (Retry(total=1, connect=None, read=None, redirect=None, status=None)) after connection broken by 'NewConnectionError("HTTPConnection(host='localhost', port=61574): Failed to establish a new connection: [WinError 10061] 由于目标计算机积极拒绝，无法连接。")': /session/201b956c98f16703e009cfdd920e6e16
2026-02-12 08:36:48,709 - urllib3.connectionpool - WARNING - Retrying (Retry(total=0, connect=None, read=None, redirect=None, status=None)) after connection broken by 'NewConnectionError("HTTPConnection(host='localhost', port=61574): Failed to establish a new connection: [WinError 10061] 由于目标计算机积极拒绝，无法连接。")': /session/201b956c98f16703e009cfdd920e6e16
2026-02-12 08:36:52,837 - waybill_service - INFO - Chrome驱动已关闭
2026-02-12 08:36:52,979 - waybill_service - INFO - 开始处理72个待处理运单号
2026-02-12 08:36:54,324 - driver_utils - INFO - 成功连接Chrome实例
2026-02-12 08:36:54,351 - ydh_page - INFO - 已在目标页面，跳过访问
2026-02-12 08:36:54,352 - ydh_page - INFO - 输入货架号
2026-02-12 08:36:54,978 - ydh_page - INFO - 货架号输入完成
2026-02-12 08:36:54,978 - waybill_service - INFO - 处理第1/72个运单号：YT111111118
2026-02-12 08:36:55,210 - ydh_page - INFO - 处理运单号：YT111111118（手机号：14210926195）
2026-02-12 08:36:55,986 - ydh_page - INFO - 运单号输入完成
